  Animals.cpp
D:\Кодинг\OOP_KursovayRabota\DLL\Animals.h(17,9): warning C4251: Animals::Name: class "std::basic_string<char,std::char_traits<char>,std::allocator<char>>" должен иметь dll-интерфейс для использования клиентами class "Animals"
C:\Program Files (x86)\Microsoft Visual Studio\2019\Community\VC\Tools\MSVC\14.29.30133\include\xstring(4871): message : см. объявление "std::basic_string<char,std::char_traits<char>,std::allocator<char>>"
D:\Кодинг\OOP_KursovayRabota\DLL\Animals.h(18,9): warning C4251: Animals::Volier: class "std::basic_string<char,std::char_traits<char>,std::allocator<char>>" должен иметь dll-интерфейс для использования клиентами class "Animals"
C:\Program Files (x86)\Microsoft Visual Studio\2019\Community\VC\Tools\MSVC\14.29.30133\include\xstring(4871): message : см. объявление "std::basic_string<char,std::char_traits<char>,std::allocator<char>>"
D:\Кодинг\OOP_KursovayRabota\DLL\Animals.h(19,9): warning C4251: Animals::Class: class "std::basic_string<char,std::char_traits<char>,std::allocator<char>>" должен иметь dll-интерфейс для использования клиентами class "Animals"
C:\Program Files (x86)\Microsoft Visual Studio\2019\Community\VC\Tools\MSVC\14.29.30133\include\xstring(4871): message : см. объявление "std::basic_string<char,std::char_traits<char>,std::allocator<char>>"
D:\Кодинг\OOP_KursovayRabota\DLL\Animals.h(20,19): warning C4251: Animals::Days: class "std::map<int,std::string,std::less<int>,std::allocator<std::pair<const int,std::string>>>" должен иметь dll-интерфейс для использования клиентами class "Animals"
D:\Кодинг\OOP_KursovayRabota\DLL\Animals.h(20): message : см. объявление "std::map<int,std::string,std::less<int>,std::allocator<std::pair<const int,std::string>>>"
  DB.cpp
D:\Кодинг\OOP_KursovayRabota\DLL\Animals.h(17,9): warning C4251: Animals::Name: class "std::basic_string<char,std::char_traits<char>,std::allocator<char>>" должен иметь dll-интерфейс для использования клиентами class "Animals"
C:\Program Files (x86)\Microsoft Visual Studio\2019\Community\VC\Tools\MSVC\14.29.30133\include\xstring(4871): message : см. объявление "std::basic_string<char,std::char_traits<char>,std::allocator<char>>"
D:\Кодинг\OOP_KursovayRabota\DLL\Animals.h(18,9): warning C4251: Animals::Volier: class "std::basic_string<char,std::char_traits<char>,std::allocator<char>>" должен иметь dll-интерфейс для использования клиентами class "Animals"
C:\Program Files (x86)\Microsoft Visual Studio\2019\Community\VC\Tools\MSVC\14.29.30133\include\xstring(4871): message : см. объявление "std::basic_string<char,std::char_traits<char>,std::allocator<char>>"
D:\Кодинг\OOP_KursovayRabota\DLL\Animals.h(19,9): warning C4251: Animals::Class: class "std::basic_string<char,std::char_traits<char>,std::allocator<char>>" должен иметь dll-интерфейс для использования клиентами class "Animals"
C:\Program Files (x86)\Microsoft Visual Studio\2019\Community\VC\Tools\MSVC\14.29.30133\include\xstring(4871): message : см. объявление "std::basic_string<char,std::char_traits<char>,std::allocator<char>>"
D:\Кодинг\OOP_KursovayRabota\DLL\Animals.h(20,19): warning C4251: Animals::Days: class "std::map<int,std::string,std::less<int>,std::allocator<std::pair<const int,std::string>>>" должен иметь dll-интерфейс для использования клиентами class "Animals"
D:\Кодинг\OOP_KursovayRabota\DLL\Animals.h(20): message : см. объявление "std::map<int,std::string,std::less<int>,std::allocator<std::pair<const int,std::string>>>"
D:\Кодинг\OOP_KursovayRabota\DLL\Karas.h(5,9): warning C4251: Karas::Name: class "std::basic_string<char,std::char_traits<char>,std::allocator<char>>" должен иметь dll-интерфейс для использования клиентами class "Karas"
C:\Program Files (x86)\Microsoft Visual Studio\2019\Community\VC\Tools\MSVC\14.29.30133\include\xstring(4871): message : см. объявление "std::basic_string<char,std::char_traits<char>,std::allocator<char>>"
D:\Кодинг\OOP_KursovayRabota\DLL\Karas.h(6,9): warning C4251: Karas::Volier: class "std::basic_string<char,std::char_traits<char>,std::allocator<char>>" должен иметь dll-интерфейс для использования клиентами class "Karas"
C:\Program Files (x86)\Microsoft Visual Studio\2019\Community\VC\Tools\MSVC\14.29.30133\include\xstring(4871): message : см. объявление "std::basic_string<char,std::char_traits<char>,std::allocator<char>>"
D:\Кодинг\OOP_KursovayRabota\DLL\Karas.h(7,9): warning C4251: Karas::Class: class "std::basic_string<char,std::char_traits<char>,std::allocator<char>>" должен иметь dll-интерфейс для использования клиентами class "Karas"
C:\Program Files (x86)\Microsoft Visual Studio\2019\Community\VC\Tools\MSVC\14.29.30133\include\xstring(4871): message : см. объявление "std::basic_string<char,std::char_traits<char>,std::allocator<char>>"
D:\Кодинг\OOP_KursovayRabota\DLL\Karas.h(8,19): warning C4251: Karas::Days: class "std::map<int,std::string,std::less<int>,std::allocator<std::pair<const int,std::string>>>" должен иметь dll-интерфейс для использования клиентами class "Karas"
D:\Кодинг\OOP_KursovayRabota\DLL\Animals.h(20): message : см. объявление "std::map<int,std::string,std::less<int>,std::allocator<std::pair<const int,std::string>>>"
D:\Кодинг\OOP_KursovayRabota\DLL\Limur.h(5,9): warning C4251: Limur::Name: class "std::basic_string<char,std::char_traits<char>,std::allocator<char>>" должен иметь dll-интерфейс для использования клиентами class "Limur"
C:\Program Files (x86)\Microsoft Visual Studio\2019\Community\VC\Tools\MSVC\14.29.30133\include\xstring(4871): message : см. объявление "std::basic_string<char,std::char_traits<char>,std::allocator<char>>"
D:\Кодинг\OOP_KursovayRabota\DLL\Limur.h(6,9): warning C4251: Limur::Volier: class "std::basic_string<char,std::char_traits<char>,std::allocator<char>>" должен иметь dll-интерфейс для использования клиентами class "Limur"
C:\Program Files (x86)\Microsoft Visual Studio\2019\Community\VC\Tools\MSVC\14.29.30133\include\xstring(4871): message : см. объявление "std::basic_string<char,std::char_traits<char>,std::allocator<char>>"
D:\Кодинг\OOP_KursovayRabota\DLL\Limur.h(7,9): warning C4251: Limur::Class: class "std::basic_string<char,std::char_traits<char>,std::allocator<char>>" должен иметь dll-интерфейс для использования клиентами class "Limur"
C:\Program Files (x86)\Microsoft Visual Studio\2019\Community\VC\Tools\MSVC\14.29.30133\include\xstring(4871): message : см. объявление "std::basic_string<char,std::char_traits<char>,std::allocator<char>>"
D:\Кодинг\OOP_KursovayRabota\DLL\Limur.h(8,19): warning C4251: Limur::Days: class "std::map<int,std::string,std::less<int>,std::allocator<std::pair<const int,std::string>>>" должен иметь dll-интерфейс для использования клиентами class "Limur"
D:\Кодинг\OOP_KursovayRabota\DLL\Animals.h(20): message : см. объявление "std::map<int,std::string,std::less<int>,std::allocator<std::pair<const int,std::string>>>"
D:\Кодинг\OOP_KursovayRabota\DLL\Koala.h(5,9): warning C4251: Koala::Name: class "std::basic_string<char,std::char_traits<char>,std::allocator<char>>" должен иметь dll-интерфейс для использования клиентами class "Koala"
C:\Program Files (x86)\Microsoft Visual Studio\2019\Community\VC\Tools\MSVC\14.29.30133\include\xstring(4871): message : см. объявление "std::basic_string<char,std::char_traits<char>,std::allocator<char>>"
D:\Кодинг\OOP_KursovayRabota\DLL\Koala.h(6,9): warning C4251: Koala::Volier: class "std::basic_string<char,std::char_traits<char>,std::allocator<char>>" должен иметь dll-интерфейс для использования клиентами class "Koala"
C:\Program Files (x86)\Microsoft Visual Studio\2019\Community\VC\Tools\MSVC\14.29.30133\include\xstring(4871): message : см. объявление "std::basic_string<char,std::char_traits<char>,std::allocator<char>>"
D:\Кодинг\OOP_KursovayRabota\DLL\Koala.h(7,9): warning C4251: Koala::Class: class "std::basic_string<char,std::char_traits<char>,std::allocator<char>>" должен иметь dll-интерфейс для использования клиентами class "Koala"
C:\Program Files (x86)\Microsoft Visual Studio\2019\Community\VC\Tools\MSVC\14.29.30133\include\xstring(4871): message : см. объявление "std::basic_string<char,std::char_traits<char>,std::allocator<char>>"
D:\Кодинг\OOP_KursovayRabota\DLL\Koala.h(8,19): warning C4251: Koala::Days: class "std::map<int,std::string,std::less<int>,std::allocator<std::pair<const int,std::string>>>" должен иметь dll-интерфейс для использования клиентами class "Koala"
D:\Кодинг\OOP_KursovayRabota\DLL\Animals.h(20): message : см. объявление "std::map<int,std::string,std::less<int>,std::allocator<std::pair<const int,std::string>>>"
D:\Кодинг\OOP_KursovayRabota\DLL\Nosorog.h(5,9): warning C4251: Nosorog::Name: class "std::basic_string<char,std::char_traits<char>,std::allocator<char>>" должен иметь dll-интерфейс для использования клиентами class "Nosorog"
C:\Program Files (x86)\Microsoft Visual Studio\2019\Community\VC\Tools\MSVC\14.29.30133\include\xstring(4871): message : см. объявление "std::basic_string<char,std::char_traits<char>,std::allocator<char>>"
D:\Кодинг\OOP_KursovayRabota\DLL\Nosorog.h(6,9): warning C4251: Nosorog::Volier: class "std::basic_string<char,std::char_traits<char>,std::allocator<char>>" должен иметь dll-интерфейс для использования клиентами class "Nosorog"
C:\Program Files (x86)\Microsoft Visual Studio\2019\Community\VC\Tools\MSVC\14.29.30133\include\xstring(4871): message : см. объявление "std::basic_string<char,std::char_traits<char>,std::allocator<char>>"
D:\Кодинг\OOP_KursovayRabota\DLL\Nosorog.h(7,9): warning C4251: Nosorog::Class: class "std::basic_string<char,std::char_traits<char>,std::allocator<char>>" должен иметь dll-интерфейс для использования клиентами class "Nosorog"
C:\Program Files (x86)\Microsoft Visual Studio\2019\Community\VC\Tools\MSVC\14.29.30133\include\xstring(4871): message : см. объявление "std::basic_string<char,std::char_traits<char>,std::allocator<char>>"
D:\Кодинг\OOP_KursovayRabota\DLL\Nosorog.h(8,19): warning C4251: Nosorog::Days: class "std::map<int,std::string,std::less<int>,std::allocator<std::pair<const int,std::string>>>" должен иметь dll-интерфейс для использования клиентами class "Nosorog"
D:\Кодинг\OOP_KursovayRabota\DLL\Animals.h(20): message : см. объявление "std::map<int,std::string,std::less<int>,std::allocator<std::pair<const int,std::string>>>"
D:\Кодинг\OOP_KursovayRabota\DLL\Pingvin.h(5,9): warning C4251: Pingvin::Name: class "std::basic_string<char,std::char_traits<char>,std::allocator<char>>" должен иметь dll-интерфейс для использования клиентами class "Pingvin"
C:\Program Files (x86)\Microsoft Visual Studio\2019\Community\VC\Tools\MSVC\14.29.30133\include\xstring(4871): message : см. объявление "std::basic_string<char,std::char_traits<char>,std::allocator<char>>"
D:\Кодинг\OOP_KursovayRabota\DLL\Pingvin.h(6,9): warning C4251: Pingvin::Volier: class "std::basic_string<char,std::char_traits<char>,std::allocator<char>>" должен иметь dll-интерфейс для использования клиентами class "Pingvin"
C:\Program Files (x86)\Microsoft Visual Studio\2019\Community\VC\Tools\MSVC\14.29.30133\include\xstring(4871): message : см. объявление "std::basic_string<char,std::char_traits<char>,std::allocator<char>>"
D:\Кодинг\OOP_KursovayRabota\DLL\Pingvin.h(7,9): warning C4251: Pingvin::Class: class "std::basic_string<char,std::char_traits<char>,std::allocator<char>>" должен иметь dll-интерфейс для использования клиентами class "Pingvin"
C:\Program Files (x86)\Microsoft Visual Studio\2019\Community\VC\Tools\MSVC\14.29.30133\include\xstring(4871): message : см. объявление "std::basic_string<char,std::char_traits<char>,std::allocator<char>>"
D:\Кодинг\OOP_KursovayRabota\DLL\Pingvin.h(8,19): warning C4251: Pingvin::Days: class "std::map<int,std::string,std::less<int>,std::allocator<std::pair<const int,std::string>>>" должен иметь dll-интерфейс для использования клиентами class "Pingvin"
D:\Кодинг\OOP_KursovayRabota\DLL\Animals.h(20): message : см. объявление "std::map<int,std::string,std::less<int>,std::allocator<std::pair<const int,std::string>>>"
D:\Кодинг\OOP_KursovayRabota\DLL\Zhiraf.h(5,9): warning C4251: Zhiraf::Name: class "std::basic_string<char,std::char_traits<char>,std::allocator<char>>" должен иметь dll-интерфейс для использования клиентами class "Zhiraf"
C:\Program Files (x86)\Microsoft Visual Studio\2019\Community\VC\Tools\MSVC\14.29.30133\include\xstring(4871): message : см. объявление "std::basic_string<char,std::char_traits<char>,std::allocator<char>>"
D:\Кодинг\OOP_KursovayRabota\DLL\Zhiraf.h(6,9): warning C4251: Zhiraf::Volier: class "std::basic_string<char,std::char_traits<char>,std::allocator<char>>" должен иметь dll-интерфейс для использования клиентами class "Zhiraf"
C:\Program Files (x86)\Microsoft Visual Studio\2019\Community\VC\Tools\MSVC\14.29.30133\include\xstring(4871): message : см. объявление "std::basic_string<char,std::char_traits<char>,std::allocator<char>>"
D:\Кодинг\OOP_KursovayRabota\DLL\Zhiraf.h(7,9): warning C4251: Zhiraf::Class: class "std::basic_string<char,std::char_traits<char>,std::allocator<char>>" должен иметь dll-интерфейс для использования клиентами class "Zhiraf"
C:\Program Files (x86)\Microsoft Visual Studio\2019\Community\VC\Tools\MSVC\14.29.30133\include\xstring(4871): message : см. объявление "std::basic_string<char,std::char_traits<char>,std::allocator<char>>"
D:\Кодинг\OOP_KursovayRabota\DLL\Zhiraf.h(8,19): warning C4251: Zhiraf::Days: class "std::map<int,std::string,std::less<int>,std::allocator<std::pair<const int,std::string>>>" должен иметь dll-интерфейс для использования клиентами class "Zhiraf"
D:\Кодинг\OOP_KursovayRabota\DLL\Animals.h(20): message : см. объявление "std::map<int,std::string,std::less<int>,std::allocator<std::pair<const int,std::string>>>"
D:\Кодинг\OOP_KursovayRabota\DLL\Kapibara.h(5,9): warning C4251: Kapibara::Name: class "std::basic_string<char,std::char_traits<char>,std::allocator<char>>" должен иметь dll-интерфейс для использования клиентами class "Kapibara"
C:\Program Files (x86)\Microsoft Visual Studio\2019\Community\VC\Tools\MSVC\14.29.30133\include\xstring(4871): message : см. объявление "std::basic_string<char,std::char_traits<char>,std::allocator<char>>"
D:\Кодинг\OOP_KursovayRabota\DLL\Kapibara.h(6,9): warning C4251: Kapibara::Volier: class "std::basic_string<char,std::char_traits<char>,std::allocator<char>>" должен иметь dll-интерфейс для использования клиентами class "Kapibara"
C:\Program Files (x86)\Microsoft Visual Studio\2019\Community\VC\Tools\MSVC\14.29.30133\include\xstring(4871): message : см. объявление "std::basic_string<char,std::char_traits<char>,std::allocator<char>>"
D:\Кодинг\OOP_KursovayRabota\DLL\Kapibara.h(7,9): warning C4251: Kapibara::Class: class "std::basic_string<char,std::char_traits<char>,std::allocator<char>>" должен иметь dll-интерфейс для использования клиентами class "Kapibara"
C:\Program Files (x86)\Microsoft Visual Studio\2019\Community\VC\Tools\MSVC\14.29.30133\include\xstring(4871): message : см. объявление "std::basic_string<char,std::char_traits<char>,std::allocator<char>>"
D:\Кодинг\OOP_KursovayRabota\DLL\Kapibara.h(8,19): warning C4251: Kapibara::Days: class "std::map<int,std::string,std::less<int>,std::allocator<std::pair<const int,std::string>>>" должен иметь dll-интерфейс для использования клиентами class "Kapibara"
D:\Кодинг\OOP_KursovayRabota\DLL\Animals.h(20): message : см. объявление "std::map<int,std::string,std::less<int>,std::allocator<std::pair<const int,std::string>>>"
D:\Кодинг\OOP_KursovayRabota\DLL\DB.h(12,19): warning C4251: DB::Vec: class "std::vector<Animals *,std::allocator<Animals *>>" должен иметь dll-интерфейс для использования клиентами class "DB"
D:\Кодинг\OOP_KursovayRabota\DLL\DB.h(12): message : см. объявление "std::vector<Animals *,std::allocator<Animals *>>"
D:\Кодинг\OOP_KursovayRabota\DLL\DB.cpp(5,20): warning C4018: <: несоответствие типов со знаком и без знака
D:\Кодинг\OOP_KursovayRabota\DLL\DB.cpp(39,20): warning C4018: <: несоответствие типов со знаком и без знака
  DLL.cpp
D:\Кодинг\OOP_KursovayRabota\DLL\Animals.h(17,9): warning C4251: Animals::Name: class "std::basic_string<char,std::char_traits<char>,std::allocator<char>>" должен иметь dll-интерфейс для использования клиентами class "Animals"
C:\Program Files (x86)\Microsoft Visual Studio\2019\Community\VC\Tools\MSVC\14.29.30133\include\xstring(4871): message : см. объявление "std::basic_string<char,std::char_traits<char>,std::allocator<char>>"
D:\Кодинг\OOP_KursovayRabota\DLL\Animals.h(18,9): warning C4251: Animals::Volier: class "std::basic_string<char,std::char_traits<char>,std::allocator<char>>" должен иметь dll-интерфейс для использования клиентами class "Animals"
C:\Program Files (x86)\Microsoft Visual Studio\2019\Community\VC\Tools\MSVC\14.29.30133\include\xstring(4871): message : см. объявление "std::basic_string<char,std::char_traits<char>,std::allocator<char>>"
D:\Кодинг\OOP_KursovayRabota\DLL\Animals.h(19,9): warning C4251: Animals::Class: class "std::basic_string<char,std::char_traits<char>,std::allocator<char>>" должен иметь dll-интерфейс для использования клиентами class "Animals"
C:\Program Files (x86)\Microsoft Visual Studio\2019\Community\VC\Tools\MSVC\14.29.30133\include\xstring(4871): message : см. объявление "std::basic_string<char,std::char_traits<char>,std::allocator<char>>"
D:\Кодинг\OOP_KursovayRabota\DLL\Animals.h(20,19): warning C4251: Animals::Days: class "std::map<int,std::string,std::less<int>,std::allocator<std::pair<const int,std::string>>>" должен иметь dll-интерфейс для использования клиентами class "Animals"
D:\Кодинг\OOP_KursovayRabota\DLL\Animals.h(20): message : см. объявление "std::map<int,std::string,std::less<int>,std::allocator<std::pair<const int,std::string>>>"
D:\Кодинг\OOP_KursovayRabota\DLL\Karas.h(5,9): warning C4251: Karas::Name: class "std::basic_string<char,std::char_traits<char>,std::allocator<char>>" должен иметь dll-интерфейс для использования клиентами class "Karas"
C:\Program Files (x86)\Microsoft Visual Studio\2019\Community\VC\Tools\MSVC\14.29.30133\include\xstring(4871): message : см. объявление "std::basic_string<char,std::char_traits<char>,std::allocator<char>>"
D:\Кодинг\OOP_KursovayRabota\DLL\Karas.h(6,9): warning C4251: Karas::Volier: class "std::basic_string<char,std::char_traits<char>,std::allocator<char>>" должен иметь dll-интерфейс для использования клиентами class "Karas"
C:\Program Files (x86)\Microsoft Visual Studio\2019\Community\VC\Tools\MSVC\14.29.30133\include\xstring(4871): message : см. объявление "std::basic_string<char,std::char_traits<char>,std::allocator<char>>"
D:\Кодинг\OOP_KursovayRabota\DLL\Karas.h(7,9): warning C4251: Karas::Class: class "std::basic_string<char,std::char_traits<char>,std::allocator<char>>" должен иметь dll-интерфейс для использования клиентами class "Karas"
C:\Program Files (x86)\Microsoft Visual Studio\2019\Community\VC\Tools\MSVC\14.29.30133\include\xstring(4871): message : см. объявление "std::basic_string<char,std::char_traits<char>,std::allocator<char>>"
D:\Кодинг\OOP_KursovayRabota\DLL\Karas.h(8,19): warning C4251: Karas::Days: class "std::map<int,std::string,std::less<int>,std::allocator<std::pair<const int,std::string>>>" должен иметь dll-интерфейс для использования клиентами class "Karas"
D:\Кодинг\OOP_KursovayRabota\DLL\Animals.h(20): message : см. объявление "std::map<int,std::string,std::less<int>,std::allocator<std::pair<const int,std::string>>>"
D:\Кодинг\OOP_KursovayRabota\DLL\Limur.h(5,9): warning C4251: Limur::Name: class "std::basic_string<char,std::char_traits<char>,std::allocator<char>>" должен иметь dll-интерфейс для использования клиентами class "Limur"
C:\Program Files (x86)\Microsoft Visual Studio\2019\Community\VC\Tools\MSVC\14.29.30133\include\xstring(4871): message : см. объявление "std::basic_string<char,std::char_traits<char>,std::allocator<char>>"
D:\Кодинг\OOP_KursovayRabota\DLL\Limur.h(6,9): warning C4251: Limur::Volier: class "std::basic_string<char,std::char_traits<char>,std::allocator<char>>" должен иметь dll-интерфейс для использования клиентами class "Limur"
C:\Program Files (x86)\Microsoft Visual Studio\2019\Community\VC\Tools\MSVC\14.29.30133\include\xstring(4871): message : см. объявление "std::basic_string<char,std::char_traits<char>,std::allocator<char>>"
D:\Кодинг\OOP_KursovayRabota\DLL\Limur.h(7,9): warning C4251: Limur::Class: class "std::basic_string<char,std::char_traits<char>,std::allocator<char>>" должен иметь dll-интерфейс для использования клиентами class "Limur"
C:\Program Files (x86)\Microsoft Visual Studio\2019\Community\VC\Tools\MSVC\14.29.30133\include\xstring(4871): message : см. объявление "std::basic_string<char,std::char_traits<char>,std::allocator<char>>"
D:\Кодинг\OOP_KursovayRabota\DLL\Limur.h(8,19): warning C4251: Limur::Days: class "std::map<int,std::string,std::less<int>,std::allocator<std::pair<const int,std::string>>>" должен иметь dll-интерфейс для использования клиентами class "Limur"
D:\Кодинг\OOP_KursovayRabota\DLL\Animals.h(20): message : см. объявление "std::map<int,std::string,std::less<int>,std::allocator<std::pair<const int,std::string>>>"
D:\Кодинг\OOP_KursovayRabota\DLL\Koala.h(5,9): warning C4251: Koala::Name: class "std::basic_string<char,std::char_traits<char>,std::allocator<char>>" должен иметь dll-интерфейс для использования клиентами class "Koala"
C:\Program Files (x86)\Microsoft Visual Studio\2019\Community\VC\Tools\MSVC\14.29.30133\include\xstring(4871): message : см. объявление "std::basic_string<char,std::char_traits<char>,std::allocator<char>>"
D:\Кодинг\OOP_KursovayRabota\DLL\Koala.h(6,9): warning C4251: Koala::Volier: class "std::basic_string<char,std::char_traits<char>,std::allocator<char>>" должен иметь dll-интерфейс для использования клиентами class "Koala"
C:\Program Files (x86)\Microsoft Visual Studio\2019\Community\VC\Tools\MSVC\14.29.30133\include\xstring(4871): message : см. объявление "std::basic_string<char,std::char_traits<char>,std::allocator<char>>"
D:\Кодинг\OOP_KursovayRabota\DLL\Koala.h(7,9): warning C4251: Koala::Class: class "std::basic_string<char,std::char_traits<char>,std::allocator<char>>" должен иметь dll-интерфейс для использования клиентами class "Koala"
C:\Program Files (x86)\Microsoft Visual Studio\2019\Community\VC\Tools\MSVC\14.29.30133\include\xstring(4871): message : см. объявление "std::basic_string<char,std::char_traits<char>,std::allocator<char>>"
D:\Кодинг\OOP_KursovayRabota\DLL\Koala.h(8,19): warning C4251: Koala::Days: class "std::map<int,std::string,std::less<int>,std::allocator<std::pair<const int,std::string>>>" должен иметь dll-интерфейс для использования клиентами class "Koala"
D:\Кодинг\OOP_KursovayRabota\DLL\Animals.h(20): message : см. объявление "std::map<int,std::string,std::less<int>,std::allocator<std::pair<const int,std::string>>>"
D:\Кодинг\OOP_KursovayRabota\DLL\Nosorog.h(5,9): warning C4251: Nosorog::Name: class "std::basic_string<char,std::char_traits<char>,std::allocator<char>>" должен иметь dll-интерфейс для использования клиентами class "Nosorog"
C:\Program Files (x86)\Microsoft Visual Studio\2019\Community\VC\Tools\MSVC\14.29.30133\include\xstring(4871): message : см. объявление "std::basic_string<char,std::char_traits<char>,std::allocator<char>>"
D:\Кодинг\OOP_KursovayRabota\DLL\Nosorog.h(6,9): warning C4251: Nosorog::Volier: class "std::basic_string<char,std::char_traits<char>,std::allocator<char>>" должен иметь dll-интерфейс для использования клиентами class "Nosorog"
C:\Program Files (x86)\Microsoft Visual Studio\2019\Community\VC\Tools\MSVC\14.29.30133\include\xstring(4871): message : см. объявление "std::basic_string<char,std::char_traits<char>,std::allocator<char>>"
D:\Кодинг\OOP_KursovayRabota\DLL\Nosorog.h(7,9): warning C4251: Nosorog::Class: class "std::basic_string<char,std::char_traits<char>,std::allocator<char>>" должен иметь dll-интерфейс для использования клиентами class "Nosorog"
C:\Program Files (x86)\Microsoft Visual Studio\2019\Community\VC\Tools\MSVC\14.29.30133\include\xstring(4871): message : см. объявление "std::basic_string<char,std::char_traits<char>,std::allocator<char>>"
D:\Кодинг\OOP_KursovayRabota\DLL\Nosorog.h(8,19): warning C4251: Nosorog::Days: class "std::map<int,std::string,std::less<int>,std::allocator<std::pair<const int,std::string>>>" должен иметь dll-интерфейс для использования клиентами class "Nosorog"
D:\Кодинг\OOP_KursovayRabota\DLL\Animals.h(20): message : см. объявление "std::map<int,std::string,std::less<int>,std::allocator<std::pair<const int,std::string>>>"
D:\Кодинг\OOP_KursovayRabota\DLL\Pingvin.h(5,9): warning C4251: Pingvin::Name: class "std::basic_string<char,std::char_traits<char>,std::allocator<char>>" должен иметь dll-интерфейс для использования клиентами class "Pingvin"
C:\Program Files (x86)\Microsoft Visual Studio\2019\Community\VC\Tools\MSVC\14.29.30133\include\xstring(4871): message : см. объявление "std::basic_string<char,std::char_traits<char>,std::allocator<char>>"
D:\Кодинг\OOP_KursovayRabota\DLL\Pingvin.h(6,9): warning C4251: Pingvin::Volier: class "std::basic_string<char,std::char_traits<char>,std::allocator<char>>" должен иметь dll-интерфейс для использования клиентами class "Pingvin"
C:\Program Files (x86)\Microsoft Visual Studio\2019\Community\VC\Tools\MSVC\14.29.30133\include\xstring(4871): message : см. объявление "std::basic_string<char,std::char_traits<char>,std::allocator<char>>"
D:\Кодинг\OOP_KursovayRabota\DLL\Pingvin.h(7,9): warning C4251: Pingvin::Class: class "std::basic_string<char,std::char_traits<char>,std::allocator<char>>" должен иметь dll-интерфейс для использования клиентами class "Pingvin"
C:\Program Files (x86)\Microsoft Visual Studio\2019\Community\VC\Tools\MSVC\14.29.30133\include\xstring(4871): message : см. объявление "std::basic_string<char,std::char_traits<char>,std::allocator<char>>"
D:\Кодинг\OOP_KursovayRabota\DLL\Pingvin.h(8,19): warning C4251: Pingvin::Days: class "std::map<int,std::string,std::less<int>,std::allocator<std::pair<const int,std::string>>>" должен иметь dll-интерфейс для использования клиентами class "Pingvin"
D:\Кодинг\OOP_KursovayRabota\DLL\Animals.h(20): message : см. объявление "std::map<int,std::string,std::less<int>,std::allocator<std::pair<const int,std::string>>>"
D:\Кодинг\OOP_KursovayRabota\DLL\Zhiraf.h(5,9): warning C4251: Zhiraf::Name: class "std::basic_string<char,std::char_traits<char>,std::allocator<char>>" должен иметь dll-интерфейс для использования клиентами class "Zhiraf"
C:\Program Files (x86)\Microsoft Visual Studio\2019\Community\VC\Tools\MSVC\14.29.30133\include\xstring(4871): message : см. объявление "std::basic_string<char,std::char_traits<char>,std::allocator<char>>"
D:\Кодинг\OOP_KursovayRabota\DLL\Zhiraf.h(6,9): warning C4251: Zhiraf::Volier: class "std::basic_string<char,std::char_traits<char>,std::allocator<char>>" должен иметь dll-интерфейс для использования клиентами class "Zhiraf"
C:\Program Files (x86)\Microsoft Visual Studio\2019\Community\VC\Tools\MSVC\14.29.30133\include\xstring(4871): message : см. объявление "std::basic_string<char,std::char_traits<char>,std::allocator<char>>"
D:\Кодинг\OOP_KursovayRabota\DLL\Zhiraf.h(7,9): warning C4251: Zhiraf::Class: class "std::basic_string<char,std::char_traits<char>,std::allocator<char>>" должен иметь dll-интерфейс для использования клиентами class "Zhiraf"
C:\Program Files (x86)\Microsoft Visual Studio\2019\Community\VC\Tools\MSVC\14.29.30133\include\xstring(4871): message : см. объявление "std::basic_string<char,std::char_traits<char>,std::allocator<char>>"
D:\Кодинг\OOP_KursovayRabota\DLL\Zhiraf.h(8,19): warning C4251: Zhiraf::Days: class "std::map<int,std::string,std::less<int>,std::allocator<std::pair<const int,std::string>>>" должен иметь dll-интерфейс для использования клиентами class "Zhiraf"
D:\Кодинг\OOP_KursovayRabota\DLL\Animals.h(20): message : см. объявление "std::map<int,std::string,std::less<int>,std::allocator<std::pair<const int,std::string>>>"
D:\Кодинг\OOP_KursovayRabota\DLL\Kapibara.h(5,9): warning C4251: Kapibara::Name: class "std::basic_string<char,std::char_traits<char>,std::allocator<char>>" должен иметь dll-интерфейс для использования клиентами class "Kapibara"
C:\Program Files (x86)\Microsoft Visual Studio\2019\Community\VC\Tools\MSVC\14.29.30133\include\xstring(4871): message : см. объявление "std::basic_string<char,std::char_traits<char>,std::allocator<char>>"
D:\Кодинг\OOP_KursovayRabota\DLL\Kapibara.h(6,9): warning C4251: Kapibara::Volier: class "std::basic_string<char,std::char_traits<char>,std::allocator<char>>" должен иметь dll-интерфейс для использования клиентами class "Kapibara"
C:\Program Files (x86)\Microsoft Visual Studio\2019\Community\VC\Tools\MSVC\14.29.30133\include\xstring(4871): message : см. объявление "std::basic_string<char,std::char_traits<char>,std::allocator<char>>"
D:\Кодинг\OOP_KursovayRabota\DLL\Kapibara.h(7,9): warning C4251: Kapibara::Class: class "std::basic_string<char,std::char_traits<char>,std::allocator<char>>" должен иметь dll-интерфейс для использования клиентами class "Kapibara"
C:\Program Files (x86)\Microsoft Visual Studio\2019\Community\VC\Tools\MSVC\14.29.30133\include\xstring(4871): message : см. объявление "std::basic_string<char,std::char_traits<char>,std::allocator<char>>"
D:\Кодинг\OOP_KursovayRabota\DLL\Kapibara.h(8,19): warning C4251: Kapibara::Days: class "std::map<int,std::string,std::less<int>,std::allocator<std::pair<const int,std::string>>>" должен иметь dll-интерфейс для использования клиентами class "Kapibara"
D:\Кодинг\OOP_KursovayRabota\DLL\Animals.h(20): message : см. объявление "std::map<int,std::string,std::less<int>,std::allocator<std::pair<const int,std::string>>>"
D:\Кодинг\OOP_KursovayRabota\DLL\DB.h(12,19): warning C4251: DB::Vec: class "std::vector<Animals *,std::allocator<Animals *>>" должен иметь dll-интерфейс для использования клиентами class "DB"
D:\Кодинг\OOP_KursovayRabota\DLL\DB.h(12): message : см. объявление "std::vector<Animals *,std::allocator<Animals *>>"
D:\Кодинг\OOP_KursovayRabota\DLL\DLL.cpp(70,23): warning C4018: <: несоответствие типов со знаком и без знака
D:\Кодинг\OOP_KursovayRabota\DLL\DLL.cpp(74,23): warning C4018: <: несоответствие типов со знаком и без знака
D:\Кодинг\OOP_KursovayRabota\DLL\DLL.cpp(111,15): warning C4244: аргумент: преобразование "time_t" в "unsigned int", возможна потеря данных
D:\Кодинг\OOP_KursovayRabota\DLL\DLL.cpp(114,23): warning C4018: <: несоответствие типов со знаком и без знака
  dllmain.cpp
  Kapibara.cpp
D:\Кодинг\OOP_KursovayRabota\DLL\Animals.h(17,9): warning C4251: Animals::Name: class "std::basic_string<char,std::char_traits<char>,std::allocator<char>>" должен иметь dll-интерфейс для использования клиентами class "Animals"
C:\Program Files (x86)\Microsoft Visual Studio\2019\Community\VC\Tools\MSVC\14.29.30133\include\xstring(4871): message : см. объявление "std::basic_string<char,std::char_traits<char>,std::allocator<char>>"
D:\Кодинг\OOP_KursovayRabota\DLL\Animals.h(18,9): warning C4251: Animals::Volier: class "std::basic_string<char,std::char_traits<char>,std::allocator<char>>" должен иметь dll-интерфейс для использования клиентами class "Animals"
C:\Program Files (x86)\Microsoft Visual Studio\2019\Community\VC\Tools\MSVC\14.29.30133\include\xstring(4871): message : см. объявление "std::basic_string<char,std::char_traits<char>,std::allocator<char>>"
D:\Кодинг\OOP_KursovayRabota\DLL\Animals.h(19,9): warning C4251: Animals::Class: class "std::basic_string<char,std::char_traits<char>,std::allocator<char>>" должен иметь dll-интерфейс для использования клиентами class "Animals"
C:\Program Files (x86)\Microsoft Visual Studio\2019\Community\VC\Tools\MSVC\14.29.30133\include\xstring(4871): message : см. объявление "std::basic_string<char,std::char_traits<char>,std::allocator<char>>"
D:\Кодинг\OOP_KursovayRabota\DLL\Animals.h(20,19): warning C4251: Animals::Days: class "std::map<int,std::string,std::less<int>,std::allocator<std::pair<const int,std::string>>>" должен иметь dll-интерфейс для использования клиентами class "Animals"
D:\Кодинг\OOP_KursovayRabota\DLL\Animals.h(20): message : см. объявление "std::map<int,std::string,std::less<int>,std::allocator<std::pair<const int,std::string>>>"
D:\Кодинг\OOP_KursovayRabota\DLL\Kapibara.h(5,9): warning C4251: Kapibara::Name: class "std::basic_string<char,std::char_traits<char>,std::allocator<char>>" должен иметь dll-интерфейс для использования клиентами class "Kapibara"
C:\Program Files (x86)\Microsoft Visual Studio\2019\Community\VC\Tools\MSVC\14.29.30133\include\xstring(4871): message : см. объявление "std::basic_string<char,std::char_traits<char>,std::allocator<char>>"
D:\Кодинг\OOP_KursovayRabota\DLL\Kapibara.h(6,9): warning C4251: Kapibara::Volier: class "std::basic_string<char,std::char_traits<char>,std::allocator<char>>" должен иметь dll-интерфейс для использования клиентами class "Kapibara"
C:\Program Files (x86)\Microsoft Visual Studio\2019\Community\VC\Tools\MSVC\14.29.30133\include\xstring(4871): message : см. объявление "std::basic_string<char,std::char_traits<char>,std::allocator<char>>"
D:\Кодинг\OOP_KursovayRabota\DLL\Kapibara.h(7,9): warning C4251: Kapibara::Class: class "std::basic_string<char,std::char_traits<char>,std::allocator<char>>" должен иметь dll-интерфейс для использования клиентами class "Kapibara"
C:\Program Files (x86)\Microsoft Visual Studio\2019\Community\VC\Tools\MSVC\14.29.30133\include\xstring(4871): message : см. объявление "std::basic_string<char,std::char_traits<char>,std::allocator<char>>"
D:\Кодинг\OOP_KursovayRabota\DLL\Kapibara.h(8,19): warning C4251: Kapibara::Days: class "std::map<int,std::string,std::less<int>,std::allocator<std::pair<const int,std::string>>>" должен иметь dll-интерфейс для использования клиентами class "Kapibara"
D:\Кодинг\OOP_KursovayRabota\DLL\Animals.h(20): message : см. объявление "std::map<int,std::string,std::less<int>,std::allocator<std::pair<const int,std::string>>>"
D:\Кодинг\OOP_KursovayRabota\DLL\Kapibara.cpp(65,20): warning C4018: <: несоответствие типов со знаком и без знака
  Karas.cpp
D:\Кодинг\OOP_KursovayRabota\DLL\Animals.h(17,9): warning C4251: Animals::Name: class "std::basic_string<char,std::char_traits<char>,std::allocator<char>>" должен иметь dll-интерфейс для использования клиентами class "Animals"
C:\Program Files (x86)\Microsoft Visual Studio\2019\Community\VC\Tools\MSVC\14.29.30133\include\xstring(4871): message : см. объявление "std::basic_string<char,std::char_traits<char>,std::allocator<char>>"
D:\Кодинг\OOP_KursovayRabota\DLL\Animals.h(18,9): warning C4251: Animals::Volier: class "std::basic_string<char,std::char_traits<char>,std::allocator<char>>" должен иметь dll-интерфейс для использования клиентами class "Animals"
C:\Program Files (x86)\Microsoft Visual Studio\2019\Community\VC\Tools\MSVC\14.29.30133\include\xstring(4871): message : см. объявление "std::basic_string<char,std::char_traits<char>,std::allocator<char>>"
D:\Кодинг\OOP_KursovayRabota\DLL\Animals.h(19,9): warning C4251: Animals::Class: class "std::basic_string<char,std::char_traits<char>,std::allocator<char>>" должен иметь dll-интерфейс для использования клиентами class "Animals"
C:\Program Files (x86)\Microsoft Visual Studio\2019\Community\VC\Tools\MSVC\14.29.30133\include\xstring(4871): message : см. объявление "std::basic_string<char,std::char_traits<char>,std::allocator<char>>"
D:\Кодинг\OOP_KursovayRabota\DLL\Animals.h(20,19): warning C4251: Animals::Days: class "std::map<int,std::string,std::less<int>,std::allocator<std::pair<const int,std::string>>>" должен иметь dll-интерфейс для использования клиентами class "Animals"
D:\Кодинг\OOP_KursovayRabota\DLL\Animals.h(20): message : см. объявление "std::map<int,std::string,std::less<int>,std::allocator<std::pair<const int,std::string>>>"
D:\Кодинг\OOP_KursovayRabota\DLL\Karas.h(5,9): warning C4251: Karas::Name: class "std::basic_string<char,std::char_traits<char>,std::allocator<char>>" должен иметь dll-интерфейс для использования клиентами class "Karas"
C:\Program Files (x86)\Microsoft Visual Studio\2019\Community\VC\Tools\MSVC\14.29.30133\include\xstring(4871): message : см. объявление "std::basic_string<char,std::char_traits<char>,std::allocator<char>>"
D:\Кодинг\OOP_KursovayRabota\DLL\Karas.h(6,9): warning C4251: Karas::Volier: class "std::basic_string<char,std::char_traits<char>,std::allocator<char>>" должен иметь dll-интерфейс для использования клиентами class "Karas"
C:\Program Files (x86)\Microsoft Visual Studio\2019\Community\VC\Tools\MSVC\14.29.30133\include\xstring(4871): message : см. объявление "std::basic_string<char,std::char_traits<char>,std::allocator<char>>"
D:\Кодинг\OOP_KursovayRabota\DLL\Karas.h(7,9): warning C4251: Karas::Class: class "std::basic_string<char,std::char_traits<char>,std::allocator<char>>" должен иметь dll-интерфейс для использования клиентами class "Karas"
C:\Program Files (x86)\Microsoft Visual Studio\2019\Community\VC\Tools\MSVC\14.29.30133\include\xstring(4871): message : см. объявление "std::basic_string<char,std::char_traits<char>,std::allocator<char>>"
D:\Кодинг\OOP_KursovayRabota\DLL\Karas.h(8,19): warning C4251: Karas::Days: class "std::map<int,std::string,std::less<int>,std::allocator<std::pair<const int,std::string>>>" должен иметь dll-интерфейс для использования клиентами class "Karas"
D:\Кодинг\OOP_KursovayRabota\DLL\Animals.h(20): message : см. объявление "std::map<int,std::string,std::less<int>,std::allocator<std::pair<const int,std::string>>>"
D:\Кодинг\OOP_KursovayRabota\DLL\Karas.cpp(65,20): warning C4018: <: несоответствие типов со знаком и без знака
  Koala.cpp
D:\Кодинг\OOP_KursovayRabota\DLL\Animals.h(17,9): warning C4251: Animals::Name: class "std::basic_string<char,std::char_traits<char>,std::allocator<char>>" должен иметь dll-интерфейс для использования клиентами class "Animals"
C:\Program Files (x86)\Microsoft Visual Studio\2019\Community\VC\Tools\MSVC\14.29.30133\include\xstring(4871): message : см. объявление "std::basic_string<char,std::char_traits<char>,std::allocator<char>>"
D:\Кодинг\OOP_KursovayRabota\DLL\Animals.h(18,9): warning C4251: Animals::Volier: class "std::basic_string<char,std::char_traits<char>,std::allocator<char>>" должен иметь dll-интерфейс для использования клиентами class "Animals"
C:\Program Files (x86)\Microsoft Visual Studio\2019\Community\VC\Tools\MSVC\14.29.30133\include\xstring(4871): message : см. объявление "std::basic_string<char,std::char_traits<char>,std::allocator<char>>"
D:\Кодинг\OOP_KursovayRabota\DLL\Animals.h(19,9): warning C4251: Animals::Class: class "std::basic_string<char,std::char_traits<char>,std::allocator<char>>" должен иметь dll-интерфейс для использования клиентами class "Animals"
C:\Program Files (x86)\Microsoft Visual Studio\2019\Community\VC\Tools\MSVC\14.29.30133\include\xstring(4871): message : см. объявление "std::basic_string<char,std::char_traits<char>,std::allocator<char>>"
D:\Кодинг\OOP_KursovayRabota\DLL\Animals.h(20,19): warning C4251: Animals::Days: class "std::map<int,std::string,std::less<int>,std::allocator<std::pair<const int,std::string>>>" должен иметь dll-интерфейс для использования клиентами class "Animals"
D:\Кодинг\OOP_KursovayRabota\DLL\Animals.h(20): message : см. объявление "std::map<int,std::string,std::less<int>,std::allocator<std::pair<const int,std::string>>>"
D:\Кодинг\OOP_KursovayRabota\DLL\Koala.h(5,9): warning C4251: Koala::Name: class "std::basic_string<char,std::char_traits<char>,std::allocator<char>>" должен иметь dll-интерфейс для использования клиентами class "Koala"
C:\Program Files (x86)\Microsoft Visual Studio\2019\Community\VC\Tools\MSVC\14.29.30133\include\xstring(4871): message : см. объявление "std::basic_string<char,std::char_traits<char>,std::allocator<char>>"
D:\Кодинг\OOP_KursovayRabota\DLL\Koala.h(6,9): warning C4251: Koala::Volier: class "std::basic_string<char,std::char_traits<char>,std::allocator<char>>" должен иметь dll-интерфейс для использования клиентами class "Koala"
C:\Program Files (x86)\Microsoft Visual Studio\2019\Community\VC\Tools\MSVC\14.29.30133\include\xstring(4871): message : см. объявление "std::basic_string<char,std::char_traits<char>,std::allocator<char>>"
D:\Кодинг\OOP_KursovayRabota\DLL\Koala.h(7,9): warning C4251: Koala::Class: class "std::basic_string<char,std::char_traits<char>,std::allocator<char>>" должен иметь dll-интерфейс для использования клиентами class "Koala"
C:\Program Files (x86)\Microsoft Visual Studio\2019\Community\VC\Tools\MSVC\14.29.30133\include\xstring(4871): message : см. объявление "std::basic_string<char,std::char_traits<char>,std::allocator<char>>"
D:\Кодинг\OOP_KursovayRabota\DLL\Koala.h(8,19): warning C4251: Koala::Days: class "std::map<int,std::string,std::less<int>,std::allocator<std::pair<const int,std::string>>>" должен иметь dll-интерфейс для использования клиентами class "Koala"
D:\Кодинг\OOP_KursovayRabota\DLL\Animals.h(20): message : см. объявление "std::map<int,std::string,std::less<int>,std::allocator<std::pair<const int,std::string>>>"
D:\Кодинг\OOP_KursovayRabota\DLL\Koala.cpp(62,20): warning C4018: <: несоответствие типов со знаком и без знака
  Limur.cpp
D:\Кодинг\OOP_KursovayRabota\DLL\Animals.h(17,9): warning C4251: Animals::Name: class "std::basic_string<char,std::char_traits<char>,std::allocator<char>>" должен иметь dll-интерфейс для использования клиентами class "Animals"
C:\Program Files (x86)\Microsoft Visual Studio\2019\Community\VC\Tools\MSVC\14.29.30133\include\xstring(4871): message : см. объявление "std::basic_string<char,std::char_traits<char>,std::allocator<char>>"
D:\Кодинг\OOP_KursovayRabota\DLL\Animals.h(18,9): warning C4251: Animals::Volier: class "std::basic_string<char,std::char_traits<char>,std::allocator<char>>" должен иметь dll-интерфейс для использования клиентами class "Animals"
C:\Program Files (x86)\Microsoft Visual Studio\2019\Community\VC\Tools\MSVC\14.29.30133\include\xstring(4871): message : см. объявление "std::basic_string<char,std::char_traits<char>,std::allocator<char>>"
D:\Кодинг\OOP_KursovayRabota\DLL\Animals.h(19,9): warning C4251: Animals::Class: class "std::basic_string<char,std::char_traits<char>,std::allocator<char>>" должен иметь dll-интерфейс для использования клиентами class "Animals"
C:\Program Files (x86)\Microsoft Visual Studio\2019\Community\VC\Tools\MSVC\14.29.30133\include\xstring(4871): message : см. объявление "std::basic_string<char,std::char_traits<char>,std::allocator<char>>"
D:\Кодинг\OOP_KursovayRabota\DLL\Animals.h(20,19): warning C4251: Animals::Days: class "std::map<int,std::string,std::less<int>,std::allocator<std::pair<const int,std::string>>>" должен иметь dll-интерфейс для использования клиентами class "Animals"
D:\Кодинг\OOP_KursovayRabota\DLL\Animals.h(20): message : см. объявление "std::map<int,std::string,std::less<int>,std::allocator<std::pair<const int,std::string>>>"
D:\Кодинг\OOP_KursovayRabota\DLL\Limur.h(5,9): warning C4251: Limur::Name: class "std::basic_string<char,std::char_traits<char>,std::allocator<char>>" должен иметь dll-интерфейс для использования клиентами class "Limur"
C:\Program Files (x86)\Microsoft Visual Studio\2019\Community\VC\Tools\MSVC\14.29.30133\include\xstring(4871): message : см. объявление "std::basic_string<char,std::char_traits<char>,std::allocator<char>>"
D:\Кодинг\OOP_KursovayRabota\DLL\Limur.h(6,9): warning C4251: Limur::Volier: class "std::basic_string<char,std::char_traits<char>,std::allocator<char>>" должен иметь dll-интерфейс для использования клиентами class "Limur"
C:\Program Files (x86)\Microsoft Visual Studio\2019\Community\VC\Tools\MSVC\14.29.30133\include\xstring(4871): message : см. объявление "std::basic_string<char,std::char_traits<char>,std::allocator<char>>"
D:\Кодинг\OOP_KursovayRabota\DLL\Limur.h(7,9): warning C4251: Limur::Class: class "std::basic_string<char,std::char_traits<char>,std::allocator<char>>" должен иметь dll-интерфейс для использования клиентами class "Limur"
C:\Program Files (x86)\Microsoft Visual Studio\2019\Community\VC\Tools\MSVC\14.29.30133\include\xstring(4871): message : см. объявление "std::basic_string<char,std::char_traits<char>,std::allocator<char>>"
D:\Кодинг\OOP_KursovayRabota\DLL\Limur.h(8,19): warning C4251: Limur::Days: class "std::map<int,std::string,std::less<int>,std::allocator<std::pair<const int,std::string>>>" должен иметь dll-интерфейс для использования клиентами class "Limur"
D:\Кодинг\OOP_KursovayRabota\DLL\Animals.h(20): message : см. объявление "std::map<int,std::string,std::less<int>,std::allocator<std::pair<const int,std::string>>>"
D:\Кодинг\OOP_KursovayRabota\DLL\Limur.cpp(60,20): warning C4018: <: несоответствие типов со знаком и без знака
  Nosorog.cpp
D:\Кодинг\OOP_KursovayRabota\DLL\Animals.h(17,9): warning C4251: Animals::Name: class "std::basic_string<char,std::char_traits<char>,std::allocator<char>>" должен иметь dll-интерфейс для использования клиентами class "Animals"
C:\Program Files (x86)\Microsoft Visual Studio\2019\Community\VC\Tools\MSVC\14.29.30133\include\xstring(4871): message : см. объявление "std::basic_string<char,std::char_traits<char>,std::allocator<char>>"
D:\Кодинг\OOP_KursovayRabota\DLL\Animals.h(18,9): warning C4251: Animals::Volier: class "std::basic_string<char,std::char_traits<char>,std::allocator<char>>" должен иметь dll-интерфейс для использования клиентами class "Animals"
C:\Program Files (x86)\Microsoft Visual Studio\2019\Community\VC\Tools\MSVC\14.29.30133\include\xstring(4871): message : см. объявление "std::basic_string<char,std::char_traits<char>,std::allocator<char>>"
D:\Кодинг\OOP_KursovayRabota\DLL\Animals.h(19,9): warning C4251: Animals::Class: class "std::basic_string<char,std::char_traits<char>,std::allocator<char>>" должен иметь dll-интерфейс для использования клиентами class "Animals"
C:\Program Files (x86)\Microsoft Visual Studio\2019\Community\VC\Tools\MSVC\14.29.30133\include\xstring(4871): message : см. объявление "std::basic_string<char,std::char_traits<char>,std::allocator<char>>"
D:\Кодинг\OOP_KursovayRabota\DLL\Animals.h(20,19): warning C4251: Animals::Days: class "std::map<int,std::string,std::less<int>,std::allocator<std::pair<const int,std::string>>>" должен иметь dll-интерфейс для использования клиентами class "Animals"
D:\Кодинг\OOP_KursovayRabota\DLL\Animals.h(20): message : см. объявление "std::map<int,std::string,std::less<int>,std::allocator<std::pair<const int,std::string>>>"
D:\Кодинг\OOP_KursovayRabota\DLL\Nosorog.h(5,9): warning C4251: Nosorog::Name: class "std::basic_string<char,std::char_traits<char>,std::allocator<char>>" должен иметь dll-интерфейс для использования клиентами class "Nosorog"
C:\Program Files (x86)\Microsoft Visual Studio\2019\Community\VC\Tools\MSVC\14.29.30133\include\xstring(4871): message : см. объявление "std::basic_string<char,std::char_traits<char>,std::allocator<char>>"
D:\Кодинг\OOP_KursovayRabota\DLL\Nosorog.h(6,9): warning C4251: Nosorog::Volier: class "std::basic_string<char,std::char_traits<char>,std::allocator<char>>" должен иметь dll-интерфейс для использования клиентами class "Nosorog"
C:\Program Files (x86)\Microsoft Visual Studio\2019\Community\VC\Tools\MSVC\14.29.30133\include\xstring(4871): message : см. объявление "std::basic_string<char,std::char_traits<char>,std::allocator<char>>"
D:\Кодинг\OOP_KursovayRabota\DLL\Nosorog.h(7,9): warning C4251: Nosorog::Class: class "std::basic_string<char,std::char_traits<char>,std::allocator<char>>" должен иметь dll-интерфейс для использования клиентами class "Nosorog"
C:\Program Files (x86)\Microsoft Visual Studio\2019\Community\VC\Tools\MSVC\14.29.30133\include\xstring(4871): message : см. объявление "std::basic_string<char,std::char_traits<char>,std::allocator<char>>"
D:\Кодинг\OOP_KursovayRabota\DLL\Nosorog.h(8,19): warning C4251: Nosorog::Days: class "std::map<int,std::string,std::less<int>,std::allocator<std::pair<const int,std::string>>>" должен иметь dll-интерфейс для использования клиентами class "Nosorog"
D:\Кодинг\OOP_KursovayRabota\DLL\Animals.h(20): message : см. объявление "std::map<int,std::string,std::less<int>,std::allocator<std::pair<const int,std::string>>>"
D:\Кодинг\OOP_KursovayRabota\DLL\Nosorog.cpp(63,20): warning C4018: <: несоответствие типов со знаком и без знака
  Pingvin.cpp
D:\Кодинг\OOP_KursovayRabota\DLL\Animals.h(17,9): warning C4251: Animals::Name: class "std::basic_string<char,std::char_traits<char>,std::allocator<char>>" должен иметь dll-интерфейс для использования клиентами class "Animals"
C:\Program Files (x86)\Microsoft Visual Studio\2019\Community\VC\Tools\MSVC\14.29.30133\include\xstring(4871): message : см. объявление "std::basic_string<char,std::char_traits<char>,std::allocator<char>>"
D:\Кодинг\OOP_KursovayRabota\DLL\Animals.h(18,9): warning C4251: Animals::Volier: class "std::basic_string<char,std::char_traits<char>,std::allocator<char>>" должен иметь dll-интерфейс для использования клиентами class "Animals"
C:\Program Files (x86)\Microsoft Visual Studio\2019\Community\VC\Tools\MSVC\14.29.30133\include\xstring(4871): message : см. объявление "std::basic_string<char,std::char_traits<char>,std::allocator<char>>"
D:\Кодинг\OOP_KursovayRabota\DLL\Animals.h(19,9): warning C4251: Animals::Class: class "std::basic_string<char,std::char_traits<char>,std::allocator<char>>" должен иметь dll-интерфейс для использования клиентами class "Animals"
C:\Program Files (x86)\Microsoft Visual Studio\2019\Community\VC\Tools\MSVC\14.29.30133\include\xstring(4871): message : см. объявление "std::basic_string<char,std::char_traits<char>,std::allocator<char>>"
D:\Кодинг\OOP_KursovayRabota\DLL\Animals.h(20,19): warning C4251: Animals::Days: class "std::map<int,std::string,std::less<int>,std::allocator<std::pair<const int,std::string>>>" должен иметь dll-интерфейс для использования клиентами class "Animals"
D:\Кодинг\OOP_KursovayRabota\DLL\Animals.h(20): message : см. объявление "std::map<int,std::string,std::less<int>,std::allocator<std::pair<const int,std::string>>>"
D:\Кодинг\OOP_KursovayRabota\DLL\Pingvin.h(5,9): warning C4251: Pingvin::Name: class "std::basic_string<char,std::char_traits<char>,std::allocator<char>>" должен иметь dll-интерфейс для использования клиентами class "Pingvin"
C:\Program Files (x86)\Microsoft Visual Studio\2019\Community\VC\Tools\MSVC\14.29.30133\include\xstring(4871): message : см. объявление "std::basic_string<char,std::char_traits<char>,std::allocator<char>>"
D:\Кодинг\OOP_KursovayRabota\DLL\Pingvin.h(6,9): warning C4251: Pingvin::Volier: class "std::basic_string<char,std::char_traits<char>,std::allocator<char>>" должен иметь dll-интерфейс для использования клиентами class "Pingvin"
C:\Program Files (x86)\Microsoft Visual Studio\2019\Community\VC\Tools\MSVC\14.29.30133\include\xstring(4871): message : см. объявление "std::basic_string<char,std::char_traits<char>,std::allocator<char>>"
D:\Кодинг\OOP_KursovayRabota\DLL\Pingvin.h(7,9): warning C4251: Pingvin::Class: class "std::basic_string<char,std::char_traits<char>,std::allocator<char>>" должен иметь dll-интерфейс для использования клиентами class "Pingvin"
C:\Program Files (x86)\Microsoft Visual Studio\2019\Community\VC\Tools\MSVC\14.29.30133\include\xstring(4871): message : см. объявление "std::basic_string<char,std::char_traits<char>,std::allocator<char>>"
D:\Кодинг\OOP_KursovayRabota\DLL\Pingvin.h(8,19): warning C4251: Pingvin::Days: class "std::map<int,std::string,std::less<int>,std::allocator<std::pair<const int,std::string>>>" должен иметь dll-интерфейс для использования клиентами class "Pingvin"
D:\Кодинг\OOP_KursovayRabota\DLL\Animals.h(20): message : см. объявление "std::map<int,std::string,std::less<int>,std::allocator<std::pair<const int,std::string>>>"
D:\Кодинг\OOP_KursovayRabota\DLL\Pingvin.cpp(64,20): warning C4018: <: несоответствие типов со знаком и без знака
  Zhiraf.cpp
D:\Кодинг\OOP_KursovayRabota\DLL\Animals.h(17,9): warning C4251: Animals::Name: class "std::basic_string<char,std::char_traits<char>,std::allocator<char>>" должен иметь dll-интерфейс для использования клиентами class "Animals"
C:\Program Files (x86)\Microsoft Visual Studio\2019\Community\VC\Tools\MSVC\14.29.30133\include\xstring(4871): message : см. объявление "std::basic_string<char,std::char_traits<char>,std::allocator<char>>"
D:\Кодинг\OOP_KursovayRabota\DLL\Animals.h(18,9): warning C4251: Animals::Volier: class "std::basic_string<char,std::char_traits<char>,std::allocator<char>>" должен иметь dll-интерфейс для использования клиентами class "Animals"
C:\Program Files (x86)\Microsoft Visual Studio\2019\Community\VC\Tools\MSVC\14.29.30133\include\xstring(4871): message : см. объявление "std::basic_string<char,std::char_traits<char>,std::allocator<char>>"
D:\Кодинг\OOP_KursovayRabota\DLL\Animals.h(19,9): warning C4251: Animals::Class: class "std::basic_string<char,std::char_traits<char>,std::allocator<char>>" должен иметь dll-интерфейс для использования клиентами class "Animals"
C:\Program Files (x86)\Microsoft Visual Studio\2019\Community\VC\Tools\MSVC\14.29.30133\include\xstring(4871): message : см. объявление "std::basic_string<char,std::char_traits<char>,std::allocator<char>>"
D:\Кодинг\OOP_KursovayRabota\DLL\Animals.h(20,19): warning C4251: Animals::Days: class "std::map<int,std::string,std::less<int>,std::allocator<std::pair<const int,std::string>>>" должен иметь dll-интерфейс для использования клиентами class "Animals"
D:\Кодинг\OOP_KursovayRabota\DLL\Animals.h(20): message : см. объявление "std::map<int,std::string,std::less<int>,std::allocator<std::pair<const int,std::string>>>"
D:\Кодинг\OOP_KursovayRabota\DLL\Zhiraf.h(5,9): warning C4251: Zhiraf::Name: class "std::basic_string<char,std::char_traits<char>,std::allocator<char>>" должен иметь dll-интерфейс для использования клиентами class "Zhiraf"
C:\Program Files (x86)\Microsoft Visual Studio\2019\Community\VC\Tools\MSVC\14.29.30133\include\xstring(4871): message : см. объявление "std::basic_string<char,std::char_traits<char>,std::allocator<char>>"
D:\Кодинг\OOP_KursovayRabota\DLL\Zhiraf.h(6,9): warning C4251: Zhiraf::Volier: class "std::basic_string<char,std::char_traits<char>,std::allocator<char>>" должен иметь dll-интерфейс для использования клиентами class "Zhiraf"
C:\Program Files (x86)\Microsoft Visual Studio\2019\Community\VC\Tools\MSVC\14.29.30133\include\xstring(4871): message : см. объявление "std::basic_string<char,std::char_traits<char>,std::allocator<char>>"
D:\Кодинг\OOP_KursovayRabota\DLL\Zhiraf.h(7,9): warning C4251: Zhiraf::Class: class "std::basic_string<char,std::char_traits<char>,std::allocator<char>>" должен иметь dll-интерфейс для использования клиентами class "Zhiraf"
C:\Program Files (x86)\Microsoft Visual Studio\2019\Community\VC\Tools\MSVC\14.29.30133\include\xstring(4871): message : см. объявление "std::basic_string<char,std::char_traits<char>,std::allocator<char>>"
D:\Кодинг\OOP_KursovayRabota\DLL\Zhiraf.h(8,19): warning C4251: Zhiraf::Days: class "std::map<int,std::string,std::less<int>,std::allocator<std::pair<const int,std::string>>>" должен иметь dll-интерфейс для использования клиентами class "Zhiraf"
D:\Кодинг\OOP_KursovayRabota\DLL\Animals.h(20): message : см. объявление "std::map<int,std::string,std::less<int>,std::allocator<std::pair<const int,std::string>>>"
D:\Кодинг\OOP_KursovayRabota\DLL\Zhiraf.cpp(61,20): warning C4018: <: несоответствие типов со знаком и без знака
  Создание кода...
D:\Кодинг\OOP_KursovayRabota\DLL\DLL.cpp(112): warning C4724: возможный остаток от деления на 0
     Создается библиотека ..\bin\DLL.lib и объект ..\bin\DLL.exp
  DLL.vcxproj -> D:\Кодинг\OOP_KursovayRabota\bin\DLL.dll
