  Animals.cpp
D:\Кодинг\с# и c++\OOP_KursovayRabota\DLL\Animals.h(17,9): warning C4251: Animals::Name: class "std::basic_string<char,std::char_traits<char>,std::allocator<char>>" должен иметь dll-интерфейс для использования клиентами class "Animals"
C:\Program Files (x86)\Microsoft Visual Studio\2019\Community\VC\Tools\MSVC\14.29.30133\include\xstring(4871): message : см. объявление "std::basic_string<char,std::char_traits<char>,std::allocator<char>>"
D:\Кодинг\с# и c++\OOP_KursovayRabota\DLL\Animals.h(18,9): warning C4251: Animals::Volier: class "std::basic_string<char,std::char_traits<char>,std::allocator<char>>" должен иметь dll-интерфейс для использования клиентами class "Animals"
C:\Program Files (x86)\Microsoft Visual Studio\2019\Community\VC\Tools\MSVC\14.29.30133\include\xstring(4871): message : см. объявление "std::basic_string<char,std::char_traits<char>,std::allocator<char>>"
D:\Кодинг\с# и c++\OOP_KursovayRabota\DLL\Animals.h(19,9): warning C4251: Animals::Class: class "std::basic_string<char,std::char_traits<char>,std::allocator<char>>" должен иметь dll-интерфейс для использования клиентами class "Animals"
C:\Program Files (x86)\Microsoft Visual Studio\2019\Community\VC\Tools\MSVC\14.29.30133\include\xstring(4871): message : см. объявление "std::basic_string<char,std::char_traits<char>,std::allocator<char>>"
D:\Кодинг\с# и c++\OOP_KursovayRabota\DLL\Animals.h(20,19): warning C4251: Animals::Days: class "std::map<int,std::string,std::less<int>,std::allocator<std::pair<const int,std::string>>>" должен иметь dll-интерфейс для использования клиентами class "Animals"
D:\Кодинг\с# и c++\OOP_KursovayRabota\DLL\Animals.h(20): message : см. объявление "std::map<int,std::string,std::less<int>,std::allocator<std::pair<const int,std::string>>>"
  DB.cpp
D:\Кодинг\с# и c++\OOP_KursovayRabota\DLL\Animals.h(17,9): warning C4251: Animals::Name: class "std::basic_string<char,std::char_traits<char>,std::allocator<char>>" должен иметь dll-интерфейс для использования клиентами class "Animals"
C:\Program Files (x86)\Microsoft Visual Studio\2019\Community\VC\Tools\MSVC\14.29.30133\include\xstring(4871): message : см. объявление "std::basic_string<char,std::char_traits<char>,std::allocator<char>>"
D:\Кодинг\с# и c++\OOP_KursovayRabota\DLL\Animals.h(18,9): warning C4251: Animals::Volier: class "std::basic_string<char,std::char_traits<char>,std::allocator<char>>" должен иметь dll-интерфейс для использования клиентами class "Animals"
C:\Program Files (x86)\Microsoft Visual Studio\2019\Community\VC\Tools\MSVC\14.29.30133\include\xstring(4871): message : см. объявление "std::basic_string<char,std::char_traits<char>,std::allocator<char>>"
D:\Кодинг\с# и c++\OOP_KursovayRabota\DLL\Animals.h(19,9): warning C4251: Animals::Class: class "std::basic_string<char,std::char_traits<char>,std::allocator<char>>" должен иметь dll-интерфейс для использования клиентами class "Animals"
C:\Program Files (x86)\Microsoft Visual Studio\2019\Community\VC\Tools\MSVC\14.29.30133\include\xstring(4871): message : см. объявление "std::basic_string<char,std::char_traits<char>,std::allocator<char>>"
D:\Кодинг\с# и c++\OOP_KursovayRabota\DLL\Animals.h(20,19): warning C4251: Animals::Days: class "std::map<int,std::string,std::less<int>,std::allocator<std::pair<const int,std::string>>>" должен иметь dll-интерфейс для использования клиентами class "Animals"
D:\Кодинг\с# и c++\OOP_KursovayRabota\DLL\Animals.h(20): message : см. объявление "std::map<int,std::string,std::less<int>,std::allocator<std::pair<const int,std::string>>>"
D:\Кодинг\с# и c++\OOP_KursovayRabota\DLL\Karas.h(5,9): warning C4251: Karas::Name: class "std::basic_string<char,std::char_traits<char>,std::allocator<char>>" должен иметь dll-интерфейс для использования клиентами class "Karas"
C:\Program Files (x86)\Microsoft Visual Studio\2019\Community\VC\Tools\MSVC\14.29.30133\include\xstring(4871): message : см. объявление "std::basic_string<char,std::char_traits<char>,std::allocator<char>>"
D:\Кодинг\с# и c++\OOP_KursovayRabota\DLL\Karas.h(6,9): warning C4251: Karas::Volier: class "std::basic_string<char,std::char_traits<char>,std::allocator<char>>" должен иметь dll-интерфейс для использования клиентами class "Karas"
C:\Program Files (x86)\Microsoft Visual Studio\2019\Community\VC\Tools\MSVC\14.29.30133\include\xstring(4871): message : см. объявление "std::basic_string<char,std::char_traits<char>,std::allocator<char>>"
D:\Кодинг\с# и c++\OOP_KursovayRabota\DLL\Karas.h(7,9): warning C4251: Karas::Class: class "std::basic_string<char,std::char_traits<char>,std::allocator<char>>" должен иметь dll-интерфейс для использования клиентами class "Karas"
C:\Program Files (x86)\Microsoft Visual Studio\2019\Community\VC\Tools\MSVC\14.29.30133\include\xstring(4871): message : см. объявление "std::basic_string<char,std::char_traits<char>,std::allocator<char>>"
D:\Кодинг\с# и c++\OOP_KursovayRabota\DLL\Karas.h(8,19): warning C4251: Karas::Days: class "std::map<int,std::string,std::less<int>,std::allocator<std::pair<const int,std::string>>>" должен иметь dll-интерфейс для использования клиентами class "Karas"
D:\Кодинг\с# и c++\OOP_KursovayRabota\DLL\Animals.h(20): message : см. объявление "std::map<int,std::string,std::less<int>,std::allocator<std::pair<const int,std::string>>>"
D:\Кодинг\с# и c++\OOP_KursovayRabota\DLL\Limur.h(5,9): warning C4251: Limur::Name: class "std::basic_string<char,std::char_traits<char>,std::allocator<char>>" должен иметь dll-интерфейс для использования клиентами class "Limur"
C:\Program Files (x86)\Microsoft Visual Studio\2019\Community\VC\Tools\MSVC\14.29.30133\include\xstring(4871): message : см. объявление "std::basic_string<char,std::char_traits<char>,std::allocator<char>>"
D:\Кодинг\с# и c++\OOP_KursovayRabota\DLL\Limur.h(6,9): warning C4251: Limur::Volier: class "std::basic_string<char,std::char_traits<char>,std::allocator<char>>" должен иметь dll-интерфейс для использования клиентами class "Limur"
C:\Program Files (x86)\Microsoft Visual Studio\2019\Community\VC\Tools\MSVC\14.29.30133\include\xstring(4871): message : см. объявление "std::basic_string<char,std::char_traits<char>,std::allocator<char>>"
D:\Кодинг\с# и c++\OOP_KursovayRabota\DLL\Limur.h(7,9): warning C4251: Limur::Class: class "std::basic_string<char,std::char_traits<char>,std::allocator<char>>" должен иметь dll-интерфейс для использования клиентами class "Limur"
C:\Program Files (x86)\Microsoft Visual Studio\2019\Community\VC\Tools\MSVC\14.29.30133\include\xstring(4871): message : см. объявление "std::basic_string<char,std::char_traits<char>,std::allocator<char>>"
D:\Кодинг\с# и c++\OOP_KursovayRabota\DLL\Limur.h(8,19): warning C4251: Limur::Days: class "std::map<int,std::string,std::less<int>,std::allocator<std::pair<const int,std::string>>>" должен иметь dll-интерфейс для использования клиентами class "Limur"
D:\Кодинг\с# и c++\OOP_KursovayRabota\DLL\Animals.h(20): message : см. объявление "std::map<int,std::string,std::less<int>,std::allocator<std::pair<const int,std::string>>>"
D:\Кодинг\с# и c++\OOP_KursovayRabota\DLL\Koala.h(5,9): warning C4251: Koala::Name: class "std::basic_string<char,std::char_traits<char>,std::allocator<char>>" должен иметь dll-интерфейс для использования клиентами class "Koala"
C:\Program Files (x86)\Microsoft Visual Studio\2019\Community\VC\Tools\MSVC\14.29.30133\include\xstring(4871): message : см. объявление "std::basic_string<char,std::char_traits<char>,std::allocator<char>>"
D:\Кодинг\с# и c++\OOP_KursovayRabota\DLL\Koala.h(6,9): warning C4251: Koala::Volier: class "std::basic_string<char,std::char_traits<char>,std::allocator<char>>" должен иметь dll-интерфейс для использования клиентами class "Koala"
C:\Program Files (x86)\Microsoft Visual Studio\2019\Community\VC\Tools\MSVC\14.29.30133\include\xstring(4871): message : см. объявление "std::basic_string<char,std::char_traits<char>,std::allocator<char>>"
D:\Кодинг\с# и c++\OOP_KursovayRabota\DLL\Koala.h(7,9): warning C4251: Koala::Class: class "std::basic_string<char,std::char_traits<char>,std::allocator<char>>" должен иметь dll-интерфейс для использования клиентами class "Koala"
C:\Program Files (x86)\Microsoft Visual Studio\2019\Community\VC\Tools\MSVC\14.29.30133\include\xstring(4871): message : см. объявление "std::basic_string<char,std::char_traits<char>,std::allocator<char>>"
D:\Кодинг\с# и c++\OOP_KursovayRabota\DLL\Koala.h(8,19): warning C4251: Koala::Days: class "std::map<int,std::string,std::less<int>,std::allocator<std::pair<const int,std::string>>>" должен иметь dll-интерфейс для использования клиентами class "Koala"
D:\Кодинг\с# и c++\OOP_KursovayRabota\DLL\Animals.h(20): message : см. объявление "std::map<int,std::string,std::less<int>,std::allocator<std::pair<const int,std::string>>>"
D:\Кодинг\с# и c++\OOP_KursovayRabota\DLL\Nosorog.h(5,9): warning C4251: Nosorog::Name: class "std::basic_string<char,std::char_traits<char>,std::allocator<char>>" должен иметь dll-интерфейс для использования клиентами class "Nosorog"
C:\Program Files (x86)\Microsoft Visual Studio\2019\Community\VC\Tools\MSVC\14.29.30133\include\xstring(4871): message : см. объявление "std::basic_string<char,std::char_traits<char>,std::allocator<char>>"
D:\Кодинг\с# и c++\OOP_KursovayRabota\DLL\Nosorog.h(6,9): warning C4251: Nosorog::Volier: class "std::basic_string<char,std::char_traits<char>,std::allocator<char>>" должен иметь dll-интерфейс для использования клиентами class "Nosorog"
C:\Program Files (x86)\Microsoft Visual Studio\2019\Community\VC\Tools\MSVC\14.29.30133\include\xstring(4871): message : см. объявление "std::basic_string<char,std::char_traits<char>,std::allocator<char>>"
D:\Кодинг\с# и c++\OOP_KursovayRabota\DLL\Nosorog.h(7,9): warning C4251: Nosorog::Class: class "std::basic_string<char,std::char_traits<char>,std::allocator<char>>" должен иметь dll-интерфейс для использования клиентами class "Nosorog"
C:\Program Files (x86)\Microsoft Visual Studio\2019\Community\VC\Tools\MSVC\14.29.30133\include\xstring(4871): message : см. объявление "std::basic_string<char,std::char_traits<char>,std::allocator<char>>"
D:\Кодинг\с# и c++\OOP_KursovayRabota\DLL\Nosorog.h(8,19): warning C4251: Nosorog::Days: class "std::map<int,std::string,std::less<int>,std::allocator<std::pair<const int,std::string>>>" должен иметь dll-интерфейс для использования клиентами class "Nosorog"
D:\Кодинг\с# и c++\OOP_KursovayRabota\DLL\Animals.h(20): message : см. объявление "std::map<int,std::string,std::less<int>,std::allocator<std::pair<const int,std::string>>>"
D:\Кодинг\с# и c++\OOP_KursovayRabota\DLL\Pingvin.h(5,9): warning C4251: Pingvin::Name: class "std::basic_string<char,std::char_traits<char>,std::allocator<char>>" должен иметь dll-интерфейс для использования клиентами class "Pingvin"
C:\Program Files (x86)\Microsoft Visual Studio\2019\Community\VC\Tools\MSVC\14.29.30133\include\xstring(4871): message : см. объявление "std::basic_string<char,std::char_traits<char>,std::allocator<char>>"
D:\Кодинг\с# и c++\OOP_KursovayRabota\DLL\Pingvin.h(6,9): warning C4251: Pingvin::Volier: class "std::basic_string<char,std::char_traits<char>,std::allocator<char>>" должен иметь dll-интерфейс для использования клиентами class "Pingvin"
C:\Program Files (x86)\Microsoft Visual Studio\2019\Community\VC\Tools\MSVC\14.29.30133\include\xstring(4871): message : см. объявление "std::basic_string<char,std::char_traits<char>,std::allocator<char>>"
D:\Кодинг\с# и c++\OOP_KursovayRabota\DLL\Pingvin.h(7,9): warning C4251: Pingvin::Class: class "std::basic_string<char,std::char_traits<char>,std::allocator<char>>" должен иметь dll-интерфейс для использования клиентами class "Pingvin"
C:\Program Files (x86)\Microsoft Visual Studio\2019\Community\VC\Tools\MSVC\14.29.30133\include\xstring(4871): message : см. объявление "std::basic_string<char,std::char_traits<char>,std::allocator<char>>"
D:\Кодинг\с# и c++\OOP_KursovayRabota\DLL\Pingvin.h(8,19): warning C4251: Pingvin::Days: class "std::map<int,std::string,std::less<int>,std::allocator<std::pair<const int,std::string>>>" должен иметь dll-интерфейс для использования клиентами class "Pingvin"
D:\Кодинг\с# и c++\OOP_KursovayRabota\DLL\Animals.h(20): message : см. объявление "std::map<int,std::string,std::less<int>,std::allocator<std::pair<const int,std::string>>>"
D:\Кодинг\с# и c++\OOP_KursovayRabota\DLL\Zhiraf.h(5,9): warning C4251: Zhiraf::Name: class "std::basic_string<char,std::char_traits<char>,std::allocator<char>>" должен иметь dll-интерфейс для использования клиентами class "Zhiraf"
C:\Program Files (x86)\Microsoft Visual Studio\2019\Community\VC\Tools\MSVC\14.29.30133\include\xstring(4871): message : см. объявление "std::basic_string<char,std::char_traits<char>,std::allocator<char>>"
D:\Кодинг\с# и c++\OOP_KursovayRabota\DLL\Zhiraf.h(6,9): warning C4251: Zhiraf::Volier: class "std::basic_string<char,std::char_traits<char>,std::allocator<char>>" должен иметь dll-интерфейс для использования клиентами class "Zhiraf"
C:\Program Files (x86)\Microsoft Visual Studio\2019\Community\VC\Tools\MSVC\14.29.30133\include\xstring(4871): message : см. объявление "std::basic_string<char,std::char_traits<char>,std::allocator<char>>"
D:\Кодинг\с# и c++\OOP_KursovayRabota\DLL\Zhiraf.h(7,9): warning C4251: Zhiraf::Class: class "std::basic_string<char,std::char_traits<char>,std::allocator<char>>" должен иметь dll-интерфейс для использования клиентами class "Zhiraf"
C:\Program Files (x86)\Microsoft Visual Studio\2019\Community\VC\Tools\MSVC\14.29.30133\include\xstring(4871): message : см. объявление "std::basic_string<char,std::char_traits<char>,std::allocator<char>>"
D:\Кодинг\с# и c++\OOP_KursovayRabota\DLL\Zhiraf.h(8,19): warning C4251: Zhiraf::Days: class "std::map<int,std::string,std::less<int>,std::allocator<std::pair<const int,std::string>>>" должен иметь dll-интерфейс для использования клиентами class "Zhiraf"
D:\Кодинг\с# и c++\OOP_KursovayRabota\DLL\Animals.h(20): message : см. объявление "std::map<int,std::string,std::less<int>,std::allocator<std::pair<const int,std::string>>>"
D:\Кодинг\с# и c++\OOP_KursovayRabota\DLL\Kapibara.h(5,9): warning C4251: Kapibara::Name: class "std::basic_string<char,std::char_traits<char>,std::allocator<char>>" должен иметь dll-интерфейс для использования клиентами class "Kapibara"
C:\Program Files (x86)\Microsoft Visual Studio\2019\Community\VC\Tools\MSVC\14.29.30133\include\xstring(4871): message : см. объявление "std::basic_string<char,std::char_traits<char>,std::allocator<char>>"
D:\Кодинг\с# и c++\OOP_KursovayRabota\DLL\Kapibara.h(6,9): warning C4251: Kapibara::Volier: class "std::basic_string<char,std::char_traits<char>,std::allocator<char>>" должен иметь dll-интерфейс для использования клиентами class "Kapibara"
C:\Program Files (x86)\Microsoft Visual Studio\2019\Community\VC\Tools\MSVC\14.29.30133\include\xstring(4871): message : см. объявление "std::basic_string<char,std::char_traits<char>,std::allocator<char>>"
D:\Кодинг\с# и c++\OOP_KursovayRabota\DLL\Kapibara.h(7,9): warning C4251: Kapibara::Class: class "std::basic_string<char,std::char_traits<char>,std::allocator<char>>" должен иметь dll-интерфейс для использования клиентами class "Kapibara"
C:\Program Files (x86)\Microsoft Visual Studio\2019\Community\VC\Tools\MSVC\14.29.30133\include\xstring(4871): message : см. объявление "std::basic_string<char,std::char_traits<char>,std::allocator<char>>"
D:\Кодинг\с# и c++\OOP_KursovayRabota\DLL\Kapibara.h(8,19): warning C4251: Kapibara::Days: class "std::map<int,std::string,std::less<int>,std::allocator<std::pair<const int,std::string>>>" должен иметь dll-интерфейс для использования клиентами class "Kapibara"
D:\Кодинг\с# и c++\OOP_KursovayRabota\DLL\Animals.h(20): message : см. объявление "std::map<int,std::string,std::less<int>,std::allocator<std::pair<const int,std::string>>>"
D:\Кодинг\с# и c++\OOP_KursovayRabota\DLL\DB.h(12,19): warning C4251: DB::Vec: class "std::vector<Animals *,std::allocator<Animals *>>" должен иметь dll-интерфейс для использования клиентами class "DB"
D:\Кодинг\с# и c++\OOP_KursovayRabota\DLL\DB.h(12): message : см. объявление "std::vector<Animals *,std::allocator<Animals *>>"
  DLL.cpp
D:\Кодинг\с# и c++\OOP_KursovayRabota\DLL\Animals.h(17,9): warning C4251: Animals::Name: class "std::basic_string<char,std::char_traits<char>,std::allocator<char>>" должен иметь dll-интерфейс для использования клиентами class "Animals"
C:\Program Files (x86)\Microsoft Visual Studio\2019\Community\VC\Tools\MSVC\14.29.30133\include\xstring(4871): message : см. объявление "std::basic_string<char,std::char_traits<char>,std::allocator<char>>"
D:\Кодинг\с# и c++\OOP_KursovayRabota\DLL\Animals.h(18,9): warning C4251: Animals::Volier: class "std::basic_string<char,std::char_traits<char>,std::allocator<char>>" должен иметь dll-интерфейс для использования клиентами class "Animals"
C:\Program Files (x86)\Microsoft Visual Studio\2019\Community\VC\Tools\MSVC\14.29.30133\include\xstring(4871): message : см. объявление "std::basic_string<char,std::char_traits<char>,std::allocator<char>>"
D:\Кодинг\с# и c++\OOP_KursovayRabota\DLL\Animals.h(19,9): warning C4251: Animals::Class: class "std::basic_string<char,std::char_traits<char>,std::allocator<char>>" должен иметь dll-интерфейс для использования клиентами class "Animals"
C:\Program Files (x86)\Microsoft Visual Studio\2019\Community\VC\Tools\MSVC\14.29.30133\include\xstring(4871): message : см. объявление "std::basic_string<char,std::char_traits<char>,std::allocator<char>>"
D:\Кодинг\с# и c++\OOP_KursovayRabota\DLL\Animals.h(20,19): warning C4251: Animals::Days: class "std::map<int,std::string,std::less<int>,std::allocator<std::pair<const int,std::string>>>" должен иметь dll-интерфейс для использования клиентами class "Animals"
D:\Кодинг\с# и c++\OOP_KursovayRabota\DLL\Animals.h(20): message : см. объявление "std::map<int,std::string,std::less<int>,std::allocator<std::pair<const int,std::string>>>"
D:\Кодинг\с# и c++\OOP_KursovayRabota\DLL\Karas.h(5,9): warning C4251: Karas::Name: class "std::basic_string<char,std::char_traits<char>,std::allocator<char>>" должен иметь dll-интерфейс для использования клиентами class "Karas"
C:\Program Files (x86)\Microsoft Visual Studio\2019\Community\VC\Tools\MSVC\14.29.30133\include\xstring(4871): message : см. объявление "std::basic_string<char,std::char_traits<char>,std::allocator<char>>"
D:\Кодинг\с# и c++\OOP_KursovayRabota\DLL\Karas.h(6,9): warning C4251: Karas::Volier: class "std::basic_string<char,std::char_traits<char>,std::allocator<char>>" должен иметь dll-интерфейс для использования клиентами class "Karas"
C:\Program Files (x86)\Microsoft Visual Studio\2019\Community\VC\Tools\MSVC\14.29.30133\include\xstring(4871): message : см. объявление "std::basic_string<char,std::char_traits<char>,std::allocator<char>>"
D:\Кодинг\с# и c++\OOP_KursovayRabota\DLL\Karas.h(7,9): warning C4251: Karas::Class: class "std::basic_string<char,std::char_traits<char>,std::allocator<char>>" должен иметь dll-интерфейс для использования клиентами class "Karas"
C:\Program Files (x86)\Microsoft Visual Studio\2019\Community\VC\Tools\MSVC\14.29.30133\include\xstring(4871): message : см. объявление "std::basic_string<char,std::char_traits<char>,std::allocator<char>>"
D:\Кодинг\с# и c++\OOP_KursovayRabota\DLL\Karas.h(8,19): warning C4251: Karas::Days: class "std::map<int,std::string,std::less<int>,std::allocator<std::pair<const int,std::string>>>" должен иметь dll-интерфейс для использования клиентами class "Karas"
D:\Кодинг\с# и c++\OOP_KursovayRabota\DLL\Animals.h(20): message : см. объявление "std::map<int,std::string,std::less<int>,std::allocator<std::pair<const int,std::string>>>"
D:\Кодинг\с# и c++\OOP_KursovayRabota\DLL\Limur.h(5,9): warning C4251: Limur::Name: class "std::basic_string<char,std::char_traits<char>,std::allocator<char>>" должен иметь dll-интерфейс для использования клиентами class "Limur"
C:\Program Files (x86)\Microsoft Visual Studio\2019\Community\VC\Tools\MSVC\14.29.30133\include\xstring(4871): message : см. объявление "std::basic_string<char,std::char_traits<char>,std::allocator<char>>"
D:\Кодинг\с# и c++\OOP_KursovayRabota\DLL\Limur.h(6,9): warning C4251: Limur::Volier: class "std::basic_string<char,std::char_traits<char>,std::allocator<char>>" должен иметь dll-интерфейс для использования клиентами class "Limur"
C:\Program Files (x86)\Microsoft Visual Studio\2019\Community\VC\Tools\MSVC\14.29.30133\include\xstring(4871): message : см. объявление "std::basic_string<char,std::char_traits<char>,std::allocator<char>>"
D:\Кодинг\с# и c++\OOP_KursovayRabota\DLL\Limur.h(7,9): warning C4251: Limur::Class: class "std::basic_string<char,std::char_traits<char>,std::allocator<char>>" должен иметь dll-интерфейс для использования клиентами class "Limur"
C:\Program Files (x86)\Microsoft Visual Studio\2019\Community\VC\Tools\MSVC\14.29.30133\include\xstring(4871): message : см. объявление "std::basic_string<char,std::char_traits<char>,std::allocator<char>>"
D:\Кодинг\с# и c++\OOP_KursovayRabota\DLL\Limur.h(8,19): warning C4251: Limur::Days: class "std::map<int,std::string,std::less<int>,std::allocator<std::pair<const int,std::string>>>" должен иметь dll-интерфейс для использования клиентами class "Limur"
D:\Кодинг\с# и c++\OOP_KursovayRabota\DLL\Animals.h(20): message : см. объявление "std::map<int,std::string,std::less<int>,std::allocator<std::pair<const int,std::string>>>"
D:\Кодинг\с# и c++\OOP_KursovayRabota\DLL\Koala.h(5,9): warning C4251: Koala::Name: class "std::basic_string<char,std::char_traits<char>,std::allocator<char>>" должен иметь dll-интерфейс для использования клиентами class "Koala"
C:\Program Files (x86)\Microsoft Visual Studio\2019\Community\VC\Tools\MSVC\14.29.30133\include\xstring(4871): message : см. объявление "std::basic_string<char,std::char_traits<char>,std::allocator<char>>"
D:\Кодинг\с# и c++\OOP_KursovayRabota\DLL\Koala.h(6,9): warning C4251: Koala::Volier: class "std::basic_string<char,std::char_traits<char>,std::allocator<char>>" должен иметь dll-интерфейс для использования клиентами class "Koala"
C:\Program Files (x86)\Microsoft Visual Studio\2019\Community\VC\Tools\MSVC\14.29.30133\include\xstring(4871): message : см. объявление "std::basic_string<char,std::char_traits<char>,std::allocator<char>>"
D:\Кодинг\с# и c++\OOP_KursovayRabota\DLL\Koala.h(7,9): warning C4251: Koala::Class: class "std::basic_string<char,std::char_traits<char>,std::allocator<char>>" должен иметь dll-интерфейс для использования клиентами class "Koala"
C:\Program Files (x86)\Microsoft Visual Studio\2019\Community\VC\Tools\MSVC\14.29.30133\include\xstring(4871): message : см. объявление "std::basic_string<char,std::char_traits<char>,std::allocator<char>>"
D:\Кодинг\с# и c++\OOP_KursovayRabota\DLL\Koala.h(8,19): warning C4251: Koala::Days: class "std::map<int,std::string,std::less<int>,std::allocator<std::pair<const int,std::string>>>" должен иметь dll-интерфейс для использования клиентами class "Koala"
D:\Кодинг\с# и c++\OOP_KursovayRabota\DLL\Animals.h(20): message : см. объявление "std::map<int,std::string,std::less<int>,std::allocator<std::pair<const int,std::string>>>"
D:\Кодинг\с# и c++\OOP_KursovayRabota\DLL\Nosorog.h(5,9): warning C4251: Nosorog::Name: class "std::basic_string<char,std::char_traits<char>,std::allocator<char>>" должен иметь dll-интерфейс для использования клиентами class "Nosorog"
C:\Program Files (x86)\Microsoft Visual Studio\2019\Community\VC\Tools\MSVC\14.29.30133\include\xstring(4871): message : см. объявление "std::basic_string<char,std::char_traits<char>,std::allocator<char>>"
D:\Кодинг\с# и c++\OOP_KursovayRabota\DLL\Nosorog.h(6,9): warning C4251: Nosorog::Volier: class "std::basic_string<char,std::char_traits<char>,std::allocator<char>>" должен иметь dll-интерфейс для использования клиентами class "Nosorog"
C:\Program Files (x86)\Microsoft Visual Studio\2019\Community\VC\Tools\MSVC\14.29.30133\include\xstring(4871): message : см. объявление "std::basic_string<char,std::char_traits<char>,std::allocator<char>>"
D:\Кодинг\с# и c++\OOP_KursovayRabota\DLL\Nosorog.h(7,9): warning C4251: Nosorog::Class: class "std::basic_string<char,std::char_traits<char>,std::allocator<char>>" должен иметь dll-интерфейс для использования клиентами class "Nosorog"
C:\Program Files (x86)\Microsoft Visual Studio\2019\Community\VC\Tools\MSVC\14.29.30133\include\xstring(4871): message : см. объявление "std::basic_string<char,std::char_traits<char>,std::allocator<char>>"
D:\Кодинг\с# и c++\OOP_KursovayRabota\DLL\Nosorog.h(8,19): warning C4251: Nosorog::Days: class "std::map<int,std::string,std::less<int>,std::allocator<std::pair<const int,std::string>>>" должен иметь dll-интерфейс для использования клиентами class "Nosorog"
D:\Кодинг\с# и c++\OOP_KursovayRabota\DLL\Animals.h(20): message : см. объявление "std::map<int,std::string,std::less<int>,std::allocator<std::pair<const int,std::string>>>"
D:\Кодинг\с# и c++\OOP_KursovayRabota\DLL\Pingvin.h(5,9): warning C4251: Pingvin::Name: class "std::basic_string<char,std::char_traits<char>,std::allocator<char>>" должен иметь dll-интерфейс для использования клиентами class "Pingvin"
C:\Program Files (x86)\Microsoft Visual Studio\2019\Community\VC\Tools\MSVC\14.29.30133\include\xstring(4871): message : см. объявление "std::basic_string<char,std::char_traits<char>,std::allocator<char>>"
D:\Кодинг\с# и c++\OOP_KursovayRabota\DLL\Pingvin.h(6,9): warning C4251: Pingvin::Volier: class "std::basic_string<char,std::char_traits<char>,std::allocator<char>>" должен иметь dll-интерфейс для использования клиентами class "Pingvin"
C:\Program Files (x86)\Microsoft Visual Studio\2019\Community\VC\Tools\MSVC\14.29.30133\include\xstring(4871): message : см. объявление "std::basic_string<char,std::char_traits<char>,std::allocator<char>>"
D:\Кодинг\с# и c++\OOP_KursovayRabota\DLL\Pingvin.h(7,9): warning C4251: Pingvin::Class: class "std::basic_string<char,std::char_traits<char>,std::allocator<char>>" должен иметь dll-интерфейс для использования клиентами class "Pingvin"
C:\Program Files (x86)\Microsoft Visual Studio\2019\Community\VC\Tools\MSVC\14.29.30133\include\xstring(4871): message : см. объявление "std::basic_string<char,std::char_traits<char>,std::allocator<char>>"
D:\Кодинг\с# и c++\OOP_KursovayRabota\DLL\Pingvin.h(8,19): warning C4251: Pingvin::Days: class "std::map<int,std::string,std::less<int>,std::allocator<std::pair<const int,std::string>>>" должен иметь dll-интерфейс для использования клиентами class "Pingvin"
D:\Кодинг\с# и c++\OOP_KursovayRabota\DLL\Animals.h(20): message : см. объявление "std::map<int,std::string,std::less<int>,std::allocator<std::pair<const int,std::string>>>"
D:\Кодинг\с# и c++\OOP_KursovayRabota\DLL\Zhiraf.h(5,9): warning C4251: Zhiraf::Name: class "std::basic_string<char,std::char_traits<char>,std::allocator<char>>" должен иметь dll-интерфейс для использования клиентами class "Zhiraf"
C:\Program Files (x86)\Microsoft Visual Studio\2019\Community\VC\Tools\MSVC\14.29.30133\include\xstring(4871): message : см. объявление "std::basic_string<char,std::char_traits<char>,std::allocator<char>>"
D:\Кодинг\с# и c++\OOP_KursovayRabota\DLL\Zhiraf.h(6,9): warning C4251: Zhiraf::Volier: class "std::basic_string<char,std::char_traits<char>,std::allocator<char>>" должен иметь dll-интерфейс для использования клиентами class "Zhiraf"
C:\Program Files (x86)\Microsoft Visual Studio\2019\Community\VC\Tools\MSVC\14.29.30133\include\xstring(4871): message : см. объявление "std::basic_string<char,std::char_traits<char>,std::allocator<char>>"
D:\Кодинг\с# и c++\OOP_KursovayRabota\DLL\Zhiraf.h(7,9): warning C4251: Zhiraf::Class: class "std::basic_string<char,std::char_traits<char>,std::allocator<char>>" должен иметь dll-интерфейс для использования клиентами class "Zhiraf"
C:\Program Files (x86)\Microsoft Visual Studio\2019\Community\VC\Tools\MSVC\14.29.30133\include\xstring(4871): message : см. объявление "std::basic_string<char,std::char_traits<char>,std::allocator<char>>"
D:\Кодинг\с# и c++\OOP_KursovayRabota\DLL\Zhiraf.h(8,19): warning C4251: Zhiraf::Days: class "std::map<int,std::string,std::less<int>,std::allocator<std::pair<const int,std::string>>>" должен иметь dll-интерфейс для использования клиентами class "Zhiraf"
D:\Кодинг\с# и c++\OOP_KursovayRabota\DLL\Animals.h(20): message : см. объявление "std::map<int,std::string,std::less<int>,std::allocator<std::pair<const int,std::string>>>"
D:\Кодинг\с# и c++\OOP_KursovayRabota\DLL\Kapibara.h(5,9): warning C4251: Kapibara::Name: class "std::basic_string<char,std::char_traits<char>,std::allocator<char>>" должен иметь dll-интерфейс для использования клиентами class "Kapibara"
C:\Program Files (x86)\Microsoft Visual Studio\2019\Community\VC\Tools\MSVC\14.29.30133\include\xstring(4871): message : см. объявление "std::basic_string<char,std::char_traits<char>,std::allocator<char>>"
D:\Кодинг\с# и c++\OOP_KursovayRabota\DLL\Kapibara.h(6,9): warning C4251: Kapibara::Volier: class "std::basic_string<char,std::char_traits<char>,std::allocator<char>>" должен иметь dll-интерфейс для использования клиентами class "Kapibara"
C:\Program Files (x86)\Microsoft Visual Studio\2019\Community\VC\Tools\MSVC\14.29.30133\include\xstring(4871): message : см. объявление "std::basic_string<char,std::char_traits<char>,std::allocator<char>>"
D:\Кодинг\с# и c++\OOP_KursovayRabota\DLL\Kapibara.h(7,9): warning C4251: Kapibara::Class: class "std::basic_string<char,std::char_traits<char>,std::allocator<char>>" должен иметь dll-интерфейс для использования клиентами class "Kapibara"
C:\Program Files (x86)\Microsoft Visual Studio\2019\Community\VC\Tools\MSVC\14.29.30133\include\xstring(4871): message : см. объявление "std::basic_string<char,std::char_traits<char>,std::allocator<char>>"
D:\Кодинг\с# и c++\OOP_KursovayRabota\DLL\Kapibara.h(8,19): warning C4251: Kapibara::Days: class "std::map<int,std::string,std::less<int>,std::allocator<std::pair<const int,std::string>>>" должен иметь dll-интерфейс для использования клиентами class "Kapibara"
D:\Кодинг\с# и c++\OOP_KursovayRabota\DLL\Animals.h(20): message : см. объявление "std::map<int,std::string,std::less<int>,std::allocator<std::pair<const int,std::string>>>"
D:\Кодинг\с# и c++\OOP_KursovayRabota\DLL\DB.h(12,19): warning C4251: DB::Vec: class "std::vector<Animals *,std::allocator<Animals *>>" должен иметь dll-интерфейс для использования клиентами class "DB"
D:\Кодинг\с# и c++\OOP_KursovayRabota\DLL\DB.h(12): message : см. объявление "std::vector<Animals *,std::allocator<Animals *>>"
D:\Кодинг\с# и c++\OOP_KursovayRabota\DLL\DLL.cpp(46,31): warning C4267: return: преобразование из "size_t" в "int"; возможна потеря данных
D:\Кодинг\с# и c++\OOP_KursovayRabota\DLL\DLL.cpp(110,38): warning C4267: инициализация: преобразование из "size_t" в "int"; возможна потеря данных
D:\Кодинг\с# и c++\OOP_KursovayRabota\DLL\DLL.cpp(111,15): warning C4244: аргумент: преобразование "time_t" в "unsigned int", возможна потеря данных
  dllmain.cpp
  Kapibara.cpp
D:\Кодинг\с# и c++\OOP_KursovayRabota\DLL\Animals.h(17,9): warning C4251: Animals::Name: class "std::basic_string<char,std::char_traits<char>,std::allocator<char>>" должен иметь dll-интерфейс для использования клиентами class "Animals"
C:\Program Files (x86)\Microsoft Visual Studio\2019\Community\VC\Tools\MSVC\14.29.30133\include\xstring(4871): message : см. объявление "std::basic_string<char,std::char_traits<char>,std::allocator<char>>"
D:\Кодинг\с# и c++\OOP_KursovayRabota\DLL\Animals.h(18,9): warning C4251: Animals::Volier: class "std::basic_string<char,std::char_traits<char>,std::allocator<char>>" должен иметь dll-интерфейс для использования клиентами class "Animals"
C:\Program Files (x86)\Microsoft Visual Studio\2019\Community\VC\Tools\MSVC\14.29.30133\include\xstring(4871): message : см. объявление "std::basic_string<char,std::char_traits<char>,std::allocator<char>>"
D:\Кодинг\с# и c++\OOP_KursovayRabota\DLL\Animals.h(19,9): warning C4251: Animals::Class: class "std::basic_string<char,std::char_traits<char>,std::allocator<char>>" должен иметь dll-интерфейс для использования клиентами class "Animals"
C:\Program Files (x86)\Microsoft Visual Studio\2019\Community\VC\Tools\MSVC\14.29.30133\include\xstring(4871): message : см. объявление "std::basic_string<char,std::char_traits<char>,std::allocator<char>>"
D:\Кодинг\с# и c++\OOP_KursovayRabota\DLL\Animals.h(20,19): warning C4251: Animals::Days: class "std::map<int,std::string,std::less<int>,std::allocator<std::pair<const int,std::string>>>" должен иметь dll-интерфейс для использования клиентами class "Animals"
D:\Кодинг\с# и c++\OOP_KursovayRabota\DLL\Animals.h(20): message : см. объявление "std::map<int,std::string,std::less<int>,std::allocator<std::pair<const int,std::string>>>"
D:\Кодинг\с# и c++\OOP_KursovayRabota\DLL\Kapibara.h(5,9): warning C4251: Kapibara::Name: class "std::basic_string<char,std::char_traits<char>,std::allocator<char>>" должен иметь dll-интерфейс для использования клиентами class "Kapibara"
C:\Program Files (x86)\Microsoft Visual Studio\2019\Community\VC\Tools\MSVC\14.29.30133\include\xstring(4871): message : см. объявление "std::basic_string<char,std::char_traits<char>,std::allocator<char>>"
D:\Кодинг\с# и c++\OOP_KursovayRabota\DLL\Kapibara.h(6,9): warning C4251: Kapibara::Volier: class "std::basic_string<char,std::char_traits<char>,std::allocator<char>>" должен иметь dll-интерфейс для использования клиентами class "Kapibara"
C:\Program Files (x86)\Microsoft Visual Studio\2019\Community\VC\Tools\MSVC\14.29.30133\include\xstring(4871): message : см. объявление "std::basic_string<char,std::char_traits<char>,std::allocator<char>>"
D:\Кодинг\с# и c++\OOP_KursovayRabota\DLL\Kapibara.h(7,9): warning C4251: Kapibara::Class: class "std::basic_string<char,std::char_traits<char>,std::allocator<char>>" должен иметь dll-интерфейс для использования клиентами class "Kapibara"
C:\Program Files (x86)\Microsoft Visual Studio\2019\Community\VC\Tools\MSVC\14.29.30133\include\xstring(4871): message : см. объявление "std::basic_string<char,std::char_traits<char>,std::allocator<char>>"
D:\Кодинг\с# и c++\OOP_KursovayRabota\DLL\Kapibara.h(8,19): warning C4251: Kapibara::Days: class "std::map<int,std::string,std::less<int>,std::allocator<std::pair<const int,std::string>>>" должен иметь dll-интерфейс для использования клиентами class "Kapibara"
D:\Кодинг\с# и c++\OOP_KursovayRabota\DLL\Animals.h(20): message : см. объявление "std::map<int,std::string,std::less<int>,std::allocator<std::pair<const int,std::string>>>"
  Karas.cpp
D:\Кодинг\с# и c++\OOP_KursovayRabota\DLL\Animals.h(17,9): warning C4251: Animals::Name: class "std::basic_string<char,std::char_traits<char>,std::allocator<char>>" должен иметь dll-интерфейс для использования клиентами class "Animals"
C:\Program Files (x86)\Microsoft Visual Studio\2019\Community\VC\Tools\MSVC\14.29.30133\include\xstring(4871): message : см. объявление "std::basic_string<char,std::char_traits<char>,std::allocator<char>>"
D:\Кодинг\с# и c++\OOP_KursovayRabota\DLL\Animals.h(18,9): warning C4251: Animals::Volier: class "std::basic_string<char,std::char_traits<char>,std::allocator<char>>" должен иметь dll-интерфейс для использования клиентами class "Animals"
C:\Program Files (x86)\Microsoft Visual Studio\2019\Community\VC\Tools\MSVC\14.29.30133\include\xstring(4871): message : см. объявление "std::basic_string<char,std::char_traits<char>,std::allocator<char>>"
D:\Кодинг\с# и c++\OOP_KursovayRabota\DLL\Animals.h(19,9): warning C4251: Animals::Class: class "std::basic_string<char,std::char_traits<char>,std::allocator<char>>" должен иметь dll-интерфейс для использования клиентами class "Animals"
C:\Program Files (x86)\Microsoft Visual Studio\2019\Community\VC\Tools\MSVC\14.29.30133\include\xstring(4871): message : см. объявление "std::basic_string<char,std::char_traits<char>,std::allocator<char>>"
D:\Кодинг\с# и c++\OOP_KursovayRabota\DLL\Animals.h(20,19): warning C4251: Animals::Days: class "std::map<int,std::string,std::less<int>,std::allocator<std::pair<const int,std::string>>>" должен иметь dll-интерфейс для использования клиентами class "Animals"
D:\Кодинг\с# и c++\OOP_KursovayRabota\DLL\Animals.h(20): message : см. объявление "std::map<int,std::string,std::less<int>,std::allocator<std::pair<const int,std::string>>>"
D:\Кодинг\с# и c++\OOP_KursovayRabota\DLL\Karas.h(5,9): warning C4251: Karas::Name: class "std::basic_string<char,std::char_traits<char>,std::allocator<char>>" должен иметь dll-интерфейс для использования клиентами class "Karas"
C:\Program Files (x86)\Microsoft Visual Studio\2019\Community\VC\Tools\MSVC\14.29.30133\include\xstring(4871): message : см. объявление "std::basic_string<char,std::char_traits<char>,std::allocator<char>>"
D:\Кодинг\с# и c++\OOP_KursovayRabota\DLL\Karas.h(6,9): warning C4251: Karas::Volier: class "std::basic_string<char,std::char_traits<char>,std::allocator<char>>" должен иметь dll-интерфейс для использования клиентами class "Karas"
C:\Program Files (x86)\Microsoft Visual Studio\2019\Community\VC\Tools\MSVC\14.29.30133\include\xstring(4871): message : см. объявление "std::basic_string<char,std::char_traits<char>,std::allocator<char>>"
D:\Кодинг\с# и c++\OOP_KursovayRabota\DLL\Karas.h(7,9): warning C4251: Karas::Class: class "std::basic_string<char,std::char_traits<char>,std::allocator<char>>" должен иметь dll-интерфейс для использования клиентами class "Karas"
C:\Program Files (x86)\Microsoft Visual Studio\2019\Community\VC\Tools\MSVC\14.29.30133\include\xstring(4871): message : см. объявление "std::basic_string<char,std::char_traits<char>,std::allocator<char>>"
D:\Кодинг\с# и c++\OOP_KursovayRabota\DLL\Karas.h(8,19): warning C4251: Karas::Days: class "std::map<int,std::string,std::less<int>,std::allocator<std::pair<const int,std::string>>>" должен иметь dll-интерфейс для использования клиентами class "Karas"
D:\Кодинг\с# и c++\OOP_KursovayRabota\DLL\Animals.h(20): message : см. объявление "std::map<int,std::string,std::less<int>,std::allocator<std::pair<const int,std::string>>>"
  Koala.cpp
D:\Кодинг\с# и c++\OOP_KursovayRabota\DLL\Animals.h(17,9): warning C4251: Animals::Name: class "std::basic_string<char,std::char_traits<char>,std::allocator<char>>" должен иметь dll-интерфейс для использования клиентами class "Animals"
C:\Program Files (x86)\Microsoft Visual Studio\2019\Community\VC\Tools\MSVC\14.29.30133\include\xstring(4871): message : см. объявление "std::basic_string<char,std::char_traits<char>,std::allocator<char>>"
D:\Кодинг\с# и c++\OOP_KursovayRabota\DLL\Animals.h(18,9): warning C4251: Animals::Volier: class "std::basic_string<char,std::char_traits<char>,std::allocator<char>>" должен иметь dll-интерфейс для использования клиентами class "Animals"
C:\Program Files (x86)\Microsoft Visual Studio\2019\Community\VC\Tools\MSVC\14.29.30133\include\xstring(4871): message : см. объявление "std::basic_string<char,std::char_traits<char>,std::allocator<char>>"
D:\Кодинг\с# и c++\OOP_KursovayRabota\DLL\Animals.h(19,9): warning C4251: Animals::Class: class "std::basic_string<char,std::char_traits<char>,std::allocator<char>>" должен иметь dll-интерфейс для использования клиентами class "Animals"
C:\Program Files (x86)\Microsoft Visual Studio\2019\Community\VC\Tools\MSVC\14.29.30133\include\xstring(4871): message : см. объявление "std::basic_string<char,std::char_traits<char>,std::allocator<char>>"
D:\Кодинг\с# и c++\OOP_KursovayRabota\DLL\Animals.h(20,19): warning C4251: Animals::Days: class "std::map<int,std::string,std::less<int>,std::allocator<std::pair<const int,std::string>>>" должен иметь dll-интерфейс для использования клиентами class "Animals"
D:\Кодинг\с# и c++\OOP_KursovayRabota\DLL\Animals.h(20): message : см. объявление "std::map<int,std::string,std::less<int>,std::allocator<std::pair<const int,std::string>>>"
D:\Кодинг\с# и c++\OOP_KursovayRabota\DLL\Koala.h(5,9): warning C4251: Koala::Name: class "std::basic_string<char,std::char_traits<char>,std::allocator<char>>" должен иметь dll-интерфейс для использования клиентами class "Koala"
C:\Program Files (x86)\Microsoft Visual Studio\2019\Community\VC\Tools\MSVC\14.29.30133\include\xstring(4871): message : см. объявление "std::basic_string<char,std::char_traits<char>,std::allocator<char>>"
D:\Кодинг\с# и c++\OOP_KursovayRabota\DLL\Koala.h(6,9): warning C4251: Koala::Volier: class "std::basic_string<char,std::char_traits<char>,std::allocator<char>>" должен иметь dll-интерфейс для использования клиентами class "Koala"
C:\Program Files (x86)\Microsoft Visual Studio\2019\Community\VC\Tools\MSVC\14.29.30133\include\xstring(4871): message : см. объявление "std::basic_string<char,std::char_traits<char>,std::allocator<char>>"
D:\Кодинг\с# и c++\OOP_KursovayRabota\DLL\Koala.h(7,9): warning C4251: Koala::Class: class "std::basic_string<char,std::char_traits<char>,std::allocator<char>>" должен иметь dll-интерфейс для использования клиентами class "Koala"
C:\Program Files (x86)\Microsoft Visual Studio\2019\Community\VC\Tools\MSVC\14.29.30133\include\xstring(4871): message : см. объявление "std::basic_string<char,std::char_traits<char>,std::allocator<char>>"
D:\Кодинг\с# и c++\OOP_KursovayRabota\DLL\Koala.h(8,19): warning C4251: Koala::Days: class "std::map<int,std::string,std::less<int>,std::allocator<std::pair<const int,std::string>>>" должен иметь dll-интерфейс для использования клиентами class "Koala"
D:\Кодинг\с# и c++\OOP_KursovayRabota\DLL\Animals.h(20): message : см. объявление "std::map<int,std::string,std::less<int>,std::allocator<std::pair<const int,std::string>>>"
  Limur.cpp
D:\Кодинг\с# и c++\OOP_KursovayRabota\DLL\Animals.h(17,9): warning C4251: Animals::Name: class "std::basic_string<char,std::char_traits<char>,std::allocator<char>>" должен иметь dll-интерфейс для использования клиентами class "Animals"
C:\Program Files (x86)\Microsoft Visual Studio\2019\Community\VC\Tools\MSVC\14.29.30133\include\xstring(4871): message : см. объявление "std::basic_string<char,std::char_traits<char>,std::allocator<char>>"
D:\Кодинг\с# и c++\OOP_KursovayRabota\DLL\Animals.h(18,9): warning C4251: Animals::Volier: class "std::basic_string<char,std::char_traits<char>,std::allocator<char>>" должен иметь dll-интерфейс для использования клиентами class "Animals"
C:\Program Files (x86)\Microsoft Visual Studio\2019\Community\VC\Tools\MSVC\14.29.30133\include\xstring(4871): message : см. объявление "std::basic_string<char,std::char_traits<char>,std::allocator<char>>"
D:\Кодинг\с# и c++\OOP_KursovayRabota\DLL\Animals.h(19,9): warning C4251: Animals::Class: class "std::basic_string<char,std::char_traits<char>,std::allocator<char>>" должен иметь dll-интерфейс для использования клиентами class "Animals"
C:\Program Files (x86)\Microsoft Visual Studio\2019\Community\VC\Tools\MSVC\14.29.30133\include\xstring(4871): message : см. объявление "std::basic_string<char,std::char_traits<char>,std::allocator<char>>"
D:\Кодинг\с# и c++\OOP_KursovayRabota\DLL\Animals.h(20,19): warning C4251: Animals::Days: class "std::map<int,std::string,std::less<int>,std::allocator<std::pair<const int,std::string>>>" должен иметь dll-интерфейс для использования клиентами class "Animals"
D:\Кодинг\с# и c++\OOP_KursovayRabota\DLL\Animals.h(20): message : см. объявление "std::map<int,std::string,std::less<int>,std::allocator<std::pair<const int,std::string>>>"
D:\Кодинг\с# и c++\OOP_KursovayRabota\DLL\Limur.h(5,9): warning C4251: Limur::Name: class "std::basic_string<char,std::char_traits<char>,std::allocator<char>>" должен иметь dll-интерфейс для использования клиентами class "Limur"
C:\Program Files (x86)\Microsoft Visual Studio\2019\Community\VC\Tools\MSVC\14.29.30133\include\xstring(4871): message : см. объявление "std::basic_string<char,std::char_traits<char>,std::allocator<char>>"
D:\Кодинг\с# и c++\OOP_KursovayRabota\DLL\Limur.h(6,9): warning C4251: Limur::Volier: class "std::basic_string<char,std::char_traits<char>,std::allocator<char>>" должен иметь dll-интерфейс для использования клиентами class "Limur"
C:\Program Files (x86)\Microsoft Visual Studio\2019\Community\VC\Tools\MSVC\14.29.30133\include\xstring(4871): message : см. объявление "std::basic_string<char,std::char_traits<char>,std::allocator<char>>"
D:\Кодинг\с# и c++\OOP_KursovayRabota\DLL\Limur.h(7,9): warning C4251: Limur::Class: class "std::basic_string<char,std::char_traits<char>,std::allocator<char>>" должен иметь dll-интерфейс для использования клиентами class "Limur"
C:\Program Files (x86)\Microsoft Visual Studio\2019\Community\VC\Tools\MSVC\14.29.30133\include\xstring(4871): message : см. объявление "std::basic_string<char,std::char_traits<char>,std::allocator<char>>"
D:\Кодинг\с# и c++\OOP_KursovayRabota\DLL\Limur.h(8,19): warning C4251: Limur::Days: class "std::map<int,std::string,std::less<int>,std::allocator<std::pair<const int,std::string>>>" должен иметь dll-интерфейс для использования клиентами class "Limur"
D:\Кодинг\с# и c++\OOP_KursovayRabota\DLL\Animals.h(20): message : см. объявление "std::map<int,std::string,std::less<int>,std::allocator<std::pair<const int,std::string>>>"
  Nosorog.cpp
D:\Кодинг\с# и c++\OOP_KursovayRabota\DLL\Animals.h(17,9): warning C4251: Animals::Name: class "std::basic_string<char,std::char_traits<char>,std::allocator<char>>" должен иметь dll-интерфейс для использования клиентами class "Animals"
C:\Program Files (x86)\Microsoft Visual Studio\2019\Community\VC\Tools\MSVC\14.29.30133\include\xstring(4871): message : см. объявление "std::basic_string<char,std::char_traits<char>,std::allocator<char>>"
D:\Кодинг\с# и c++\OOP_KursovayRabota\DLL\Animals.h(18,9): warning C4251: Animals::Volier: class "std::basic_string<char,std::char_traits<char>,std::allocator<char>>" должен иметь dll-интерфейс для использования клиентами class "Animals"
C:\Program Files (x86)\Microsoft Visual Studio\2019\Community\VC\Tools\MSVC\14.29.30133\include\xstring(4871): message : см. объявление "std::basic_string<char,std::char_traits<char>,std::allocator<char>>"
D:\Кодинг\с# и c++\OOP_KursovayRabota\DLL\Animals.h(19,9): warning C4251: Animals::Class: class "std::basic_string<char,std::char_traits<char>,std::allocator<char>>" должен иметь dll-интерфейс для использования клиентами class "Animals"
C:\Program Files (x86)\Microsoft Visual Studio\2019\Community\VC\Tools\MSVC\14.29.30133\include\xstring(4871): message : см. объявление "std::basic_string<char,std::char_traits<char>,std::allocator<char>>"
D:\Кодинг\с# и c++\OOP_KursovayRabota\DLL\Animals.h(20,19): warning C4251: Animals::Days: class "std::map<int,std::string,std::less<int>,std::allocator<std::pair<const int,std::string>>>" должен иметь dll-интерфейс для использования клиентами class "Animals"
D:\Кодинг\с# и c++\OOP_KursovayRabota\DLL\Animals.h(20): message : см. объявление "std::map<int,std::string,std::less<int>,std::allocator<std::pair<const int,std::string>>>"
D:\Кодинг\с# и c++\OOP_KursovayRabota\DLL\Nosorog.h(5,9): warning C4251: Nosorog::Name: class "std::basic_string<char,std::char_traits<char>,std::allocator<char>>" должен иметь dll-интерфейс для использования клиентами class "Nosorog"
C:\Program Files (x86)\Microsoft Visual Studio\2019\Community\VC\Tools\MSVC\14.29.30133\include\xstring(4871): message : см. объявление "std::basic_string<char,std::char_traits<char>,std::allocator<char>>"
D:\Кодинг\с# и c++\OOP_KursovayRabota\DLL\Nosorog.h(6,9): warning C4251: Nosorog::Volier: class "std::basic_string<char,std::char_traits<char>,std::allocator<char>>" должен иметь dll-интерфейс для использования клиентами class "Nosorog"
C:\Program Files (x86)\Microsoft Visual Studio\2019\Community\VC\Tools\MSVC\14.29.30133\include\xstring(4871): message : см. объявление "std::basic_string<char,std::char_traits<char>,std::allocator<char>>"
D:\Кодинг\с# и c++\OOP_KursovayRabota\DLL\Nosorog.h(7,9): warning C4251: Nosorog::Class: class "std::basic_string<char,std::char_traits<char>,std::allocator<char>>" должен иметь dll-интерфейс для использования клиентами class "Nosorog"
C:\Program Files (x86)\Microsoft Visual Studio\2019\Community\VC\Tools\MSVC\14.29.30133\include\xstring(4871): message : см. объявление "std::basic_string<char,std::char_traits<char>,std::allocator<char>>"
D:\Кодинг\с# и c++\OOP_KursovayRabota\DLL\Nosorog.h(8,19): warning C4251: Nosorog::Days: class "std::map<int,std::string,std::less<int>,std::allocator<std::pair<const int,std::string>>>" должен иметь dll-интерфейс для использования клиентами class "Nosorog"
D:\Кодинг\с# и c++\OOP_KursovayRabota\DLL\Animals.h(20): message : см. объявление "std::map<int,std::string,std::less<int>,std::allocator<std::pair<const int,std::string>>>"
  Pingvin.cpp
D:\Кодинг\с# и c++\OOP_KursovayRabota\DLL\Animals.h(17,9): warning C4251: Animals::Name: class "std::basic_string<char,std::char_traits<char>,std::allocator<char>>" должен иметь dll-интерфейс для использования клиентами class "Animals"
C:\Program Files (x86)\Microsoft Visual Studio\2019\Community\VC\Tools\MSVC\14.29.30133\include\xstring(4871): message : см. объявление "std::basic_string<char,std::char_traits<char>,std::allocator<char>>"
D:\Кодинг\с# и c++\OOP_KursovayRabota\DLL\Animals.h(18,9): warning C4251: Animals::Volier: class "std::basic_string<char,std::char_traits<char>,std::allocator<char>>" должен иметь dll-интерфейс для использования клиентами class "Animals"
C:\Program Files (x86)\Microsoft Visual Studio\2019\Community\VC\Tools\MSVC\14.29.30133\include\xstring(4871): message : см. объявление "std::basic_string<char,std::char_traits<char>,std::allocator<char>>"
D:\Кодинг\с# и c++\OOP_KursovayRabota\DLL\Animals.h(19,9): warning C4251: Animals::Class: class "std::basic_string<char,std::char_traits<char>,std::allocator<char>>" должен иметь dll-интерфейс для использования клиентами class "Animals"
C:\Program Files (x86)\Microsoft Visual Studio\2019\Community\VC\Tools\MSVC\14.29.30133\include\xstring(4871): message : см. объявление "std::basic_string<char,std::char_traits<char>,std::allocator<char>>"
D:\Кодинг\с# и c++\OOP_KursovayRabota\DLL\Animals.h(20,19): warning C4251: Animals::Days: class "std::map<int,std::string,std::less<int>,std::allocator<std::pair<const int,std::string>>>" должен иметь dll-интерфейс для использования клиентами class "Animals"
D:\Кодинг\с# и c++\OOP_KursovayRabota\DLL\Animals.h(20): message : см. объявление "std::map<int,std::string,std::less<int>,std::allocator<std::pair<const int,std::string>>>"
D:\Кодинг\с# и c++\OOP_KursovayRabota\DLL\Pingvin.h(5,9): warning C4251: Pingvin::Name: class "std::basic_string<char,std::char_traits<char>,std::allocator<char>>" должен иметь dll-интерфейс для использования клиентами class "Pingvin"
C:\Program Files (x86)\Microsoft Visual Studio\2019\Community\VC\Tools\MSVC\14.29.30133\include\xstring(4871): message : см. объявление "std::basic_string<char,std::char_traits<char>,std::allocator<char>>"
D:\Кодинг\с# и c++\OOP_KursovayRabota\DLL\Pingvin.h(6,9): warning C4251: Pingvin::Volier: class "std::basic_string<char,std::char_traits<char>,std::allocator<char>>" должен иметь dll-интерфейс для использования клиентами class "Pingvin"
C:\Program Files (x86)\Microsoft Visual Studio\2019\Community\VC\Tools\MSVC\14.29.30133\include\xstring(4871): message : см. объявление "std::basic_string<char,std::char_traits<char>,std::allocator<char>>"
D:\Кодинг\с# и c++\OOP_KursovayRabota\DLL\Pingvin.h(7,9): warning C4251: Pingvin::Class: class "std::basic_string<char,std::char_traits<char>,std::allocator<char>>" должен иметь dll-интерфейс для использования клиентами class "Pingvin"
C:\Program Files (x86)\Microsoft Visual Studio\2019\Community\VC\Tools\MSVC\14.29.30133\include\xstring(4871): message : см. объявление "std::basic_string<char,std::char_traits<char>,std::allocator<char>>"
D:\Кодинг\с# и c++\OOP_KursovayRabota\DLL\Pingvin.h(8,19): warning C4251: Pingvin::Days: class "std::map<int,std::string,std::less<int>,std::allocator<std::pair<const int,std::string>>>" должен иметь dll-интерфейс для использования клиентами class "Pingvin"
D:\Кодинг\с# и c++\OOP_KursovayRabota\DLL\Animals.h(20): message : см. объявление "std::map<int,std::string,std::less<int>,std::allocator<std::pair<const int,std::string>>>"
  Zhiraf.cpp
D:\Кодинг\с# и c++\OOP_KursovayRabota\DLL\Animals.h(17,9): warning C4251: Animals::Name: class "std::basic_string<char,std::char_traits<char>,std::allocator<char>>" должен иметь dll-интерфейс для использования клиентами class "Animals"
C:\Program Files (x86)\Microsoft Visual Studio\2019\Community\VC\Tools\MSVC\14.29.30133\include\xstring(4871): message : см. объявление "std::basic_string<char,std::char_traits<char>,std::allocator<char>>"
D:\Кодинг\с# и c++\OOP_KursovayRabota\DLL\Animals.h(18,9): warning C4251: Animals::Volier: class "std::basic_string<char,std::char_traits<char>,std::allocator<char>>" должен иметь dll-интерфейс для использования клиентами class "Animals"
C:\Program Files (x86)\Microsoft Visual Studio\2019\Community\VC\Tools\MSVC\14.29.30133\include\xstring(4871): message : см. объявление "std::basic_string<char,std::char_traits<char>,std::allocator<char>>"
D:\Кодинг\с# и c++\OOP_KursovayRabota\DLL\Animals.h(19,9): warning C4251: Animals::Class: class "std::basic_string<char,std::char_traits<char>,std::allocator<char>>" должен иметь dll-интерфейс для использования клиентами class "Animals"
C:\Program Files (x86)\Microsoft Visual Studio\2019\Community\VC\Tools\MSVC\14.29.30133\include\xstring(4871): message : см. объявление "std::basic_string<char,std::char_traits<char>,std::allocator<char>>"
D:\Кодинг\с# и c++\OOP_KursovayRabota\DLL\Animals.h(20,19): warning C4251: Animals::Days: class "std::map<int,std::string,std::less<int>,std::allocator<std::pair<const int,std::string>>>" должен иметь dll-интерфейс для использования клиентами class "Animals"
D:\Кодинг\с# и c++\OOP_KursovayRabota\DLL\Animals.h(20): message : см. объявление "std::map<int,std::string,std::less<int>,std::allocator<std::pair<const int,std::string>>>"
D:\Кодинг\с# и c++\OOP_KursovayRabota\DLL\Zhiraf.h(5,9): warning C4251: Zhiraf::Name: class "std::basic_string<char,std::char_traits<char>,std::allocator<char>>" должен иметь dll-интерфейс для использования клиентами class "Zhiraf"
C:\Program Files (x86)\Microsoft Visual Studio\2019\Community\VC\Tools\MSVC\14.29.30133\include\xstring(4871): message : см. объявление "std::basic_string<char,std::char_traits<char>,std::allocator<char>>"
D:\Кодинг\с# и c++\OOP_KursovayRabota\DLL\Zhiraf.h(6,9): warning C4251: Zhiraf::Volier: class "std::basic_string<char,std::char_traits<char>,std::allocator<char>>" должен иметь dll-интерфейс для использования клиентами class "Zhiraf"
C:\Program Files (x86)\Microsoft Visual Studio\2019\Community\VC\Tools\MSVC\14.29.30133\include\xstring(4871): message : см. объявление "std::basic_string<char,std::char_traits<char>,std::allocator<char>>"
D:\Кодинг\с# и c++\OOP_KursovayRabota\DLL\Zhiraf.h(7,9): warning C4251: Zhiraf::Class: class "std::basic_string<char,std::char_traits<char>,std::allocator<char>>" должен иметь dll-интерфейс для использования клиентами class "Zhiraf"
C:\Program Files (x86)\Microsoft Visual Studio\2019\Community\VC\Tools\MSVC\14.29.30133\include\xstring(4871): message : см. объявление "std::basic_string<char,std::char_traits<char>,std::allocator<char>>"
D:\Кодинг\с# и c++\OOP_KursovayRabota\DLL\Zhiraf.h(8,19): warning C4251: Zhiraf::Days: class "std::map<int,std::string,std::less<int>,std::allocator<std::pair<const int,std::string>>>" должен иметь dll-интерфейс для использования клиентами class "Zhiraf"
D:\Кодинг\с# и c++\OOP_KursovayRabota\DLL\Animals.h(20): message : см. объявление "std::map<int,std::string,std::less<int>,std::allocator<std::pair<const int,std::string>>>"
  Создание кода...
     Создается библиотека ..\bin\DLL.lib и объект ..\bin\DLL.exp
  DLL.vcxproj -> D:\Кодинг\с# и c++\OOP_KursovayRabota\bin\DLL.dll
