d:\кодинг\oop_kursovayrabota\dll\x64\debug\vc142.pdb
d:\кодинг\oop_kursovayrabota\dll\x64\debug\vc142.idb
d:\кодинг\oop_kursovayrabota\dll\x64\debug\zhiraf.obj
d:\кодинг\oop_kursovayrabota\dll\x64\debug\pingvin.obj
d:\кодинг\oop_kursovayrabota\dll\x64\debug\nosorog.obj
d:\кодинг\oop_kursovayrabota\dll\x64\debug\limur.obj
d:\кодинг\oop_kursovayrabota\dll\x64\debug\koala.obj
d:\кодинг\oop_kursovayrabota\dll\x64\debug\karas.obj
d:\кодинг\oop_kursovayrabota\dll\x64\debug\kapibara.obj
d:\кодинг\oop_kursovayrabota\dll\x64\debug\dllmain.obj
d:\кодинг\oop_kursovayrabota\dll\x64\debug\dll.obj
d:\кодинг\oop_kursovayrabota\dll\x64\debug\db.obj
d:\кодинг\oop_kursovayrabota\dll\x64\debug\animals.obj
d:\кодинг\oop_kursovayrabota\bin\dll.lib
d:\кодинг\oop_kursovayrabota\bin\dll.exp
d:\кодинг\oop_kursovayrabota\dll\x64\debug\dll.ilk
d:\кодинг\oop_kursovayrabota\bin\dll.dll
d:\кодинг\oop_kursovayrabota\bin\dll.pdb
d:\кодинг\oop_kursovayrabota\dll\x64\debug\dll.tlog\cl.command.1.tlog
d:\кодинг\oop_kursovayrabota\dll\x64\debug\dll.tlog\cl.read.1.tlog
d:\кодинг\oop_kursovayrabota\dll\x64\debug\dll.tlog\cl.write.1.tlog
d:\кодинг\oop_kursovayrabota\dll\x64\debug\dll.tlog\dll.write.1u.tlog
d:\кодинг\oop_kursovayrabota\dll\x64\debug\dll.tlog\link.command.1.tlog
d:\кодинг\oop_kursovayrabota\dll\x64\debug\dll.tlog\link.read.1.tlog
d:\кодинг\oop_kursovayrabota\dll\x64\debug\dll.tlog\link.write.1.tlog
